Started GET "/api/v1/list" for 127.0.0.1 at 2018-09-04 17:53:56 +0530
Processing by Api::V1::FileManagerController#list as */*
  Rendering api/v1/file_manager/list.json.jbuilder
  Rendered api/v1/file_manager/list.json.jbuilder (5.7ms)
Completed 200 OK in 51ms (Views: 50.7ms | ActiveRecord: 0.0ms)


Started POST "/api/v1/upload" for 127.0.0.1 at 2018-09-04 17:54:13 +0530
Processing by Api::V1::FileManagerController#upload as */*
  Parameters: {"file"=>#<ActionDispatch::Http::UploadedFile:0x007fefd3f6b380 @tempfile=#<Tempfile:/var/folders/pr/xswlz_lx37s9_l8_xbzp74qm0000gn/T/RackMultipart20180904-7758-1gfaief.bmp>, @original_filename="wp2005224.bmp", @content_type="image/bmp", @headers="Content-Disposition: form-data; name=\"file\"; filename=\"wp2005224.bmp\"\r\nContent-Type: image/bmp\r\n">}
Completed 200 OK in 74ms (Views: 0.5ms | ActiveRecord: 0.0ms)


Started GET "/api/v1/list" for 127.0.0.1 at 2018-09-04 17:54:16 +0530
Processing by Api::V1::FileManagerController#list as */*
  Rendering api/v1/file_manager/list.json.jbuilder
  Rendered api/v1/file_manager/list.json.jbuilder (1.0ms)
Completed 200 OK in 47ms (Views: 46.4ms | ActiveRecord: 0.0ms)


Started POST "/api/v1/upload" for 127.0.0.1 at 2018-09-04 17:54:25 +0530
Processing by Api::V1::FileManagerController#upload as */*
  Parameters: {"file"=>#<ActionDispatch::Http::UploadedFile:0x007fefd4cc0648 @tempfile=#<Tempfile:/var/folders/pr/xswlz_lx37s9_l8_xbzp74qm0000gn/T/RackMultipart20180904-7758-oz961v.jpg>, @original_filename="40266604_1849887398393463_1312437981549690880_n.jpg", @content_type="image/jpeg", @headers="Content-Disposition: form-data; name=\"file\"; filename=\"40266604_1849887398393463_1312437981549690880_n.jpg\"\r\nContent-Type: image/jpeg\r\n">}
Completed 200 OK in 25ms (Views: 0.4ms | ActiveRecord: 0.0ms)


Started GET "/api/v1/list" for 127.0.0.1 at 2018-09-04 17:54:32 +0530
Processing by Api::V1::FileManagerController#list as */*
  Rendering api/v1/file_manager/list.json.jbuilder
  Rendered api/v1/file_manager/list.json.jbuilder (0.9ms)
Completed 200 OK in 46ms (Views: 45.2ms | ActiveRecord: 0.0ms)


Started POST "/api/v1/upload" for ::1 at 2018-10-10 12:50:49 +0530
Processing by Api::V1::FileManagerController#upload as */*
  Parameters: {"name"=>"Demo"}
Filter chain halted as :validate_upload rendered or redirected
Completed 200 OK in 2ms (Views: 0.6ms | ActiveRecord: 0.0ms)


Started POST "/api/v1/upload" for ::1 at 2018-10-10 12:51:45 +0530
Processing by Api::V1::FileManagerController#upload as */*
  Parameters: {"file"=>#<ActionDispatch::Http::UploadedFile:0x007f8beb599fd8 @tempfile=#<Tempfile:/var/folders/pr/xswlz_lx37s9_l8_xbzp74qm0000gn/T/RackMultipart20181010-29462-1v5p12t.pdf>, @original_filename="Booking Confirmation.pdf", @content_type="application/pdf", @headers="Content-Disposition: form-data; name=\"file\"; filename=\"Booking Confirmation.pdf\"\r\nContent-Type: application/pdf\r\n">, "name"=>"Demo", "age"=>"12"}
Filter chain halted as :validate_upload rendered or redirected
Completed 200 OK in 2ms (Views: 0.3ms | ActiveRecord: 0.0ms)


Started POST "/api/v1/upload" for ::1 at 2018-10-10 12:52:13 +0530
Processing by Api::V1::FileManagerController#upload as */*
  Parameters: {"file"=>#<ActionDispatch::Http::UploadedFile:0x007f8beba00478 @tempfile=#<Tempfile:/var/folders/pr/xswlz_lx37s9_l8_xbzp74qm0000gn/T/RackMultipart20181010-29462-1xi71rd.pdf>, @original_filename="Booking Confirmation.pdf", @content_type="application/pdf", @headers="Content-Disposition: form-data; name=\"file\"; filename=\"Booking Confirmation.pdf\"\r\nContent-Type: application/pdf\r\n">, "name"=>"Demo", "age"=>"12"}
Completed 200 OK in 183201ms (Views: 0.3ms | ActiveRecord: 0.0ms)


  [1m[35m (0.4ms)[0m  [1m[34mSELECT sqlite_version(*)[0m
  ↳ /Users/Fahd/.rbenv/versions/2.4.1/bin/rake:22
  [1m[35m (2.0ms)[0m  [1m[35mCREATE TABLE "schema_migrations" ("version" varchar NOT NULL PRIMARY KEY)[0m
  ↳ /Users/Fahd/.rbenv/versions/2.4.1/bin/rake:22
  [1m[35m (1.2ms)[0m  [1m[35mCREATE TABLE "ar_internal_metadata" ("key" varchar NOT NULL PRIMARY KEY, "value" varchar, "created_at" datetime NOT NULL, "updated_at" datetime NOT NULL)[0m
  ↳ /Users/Fahd/.rbenv/versions/2.4.1/bin/rake:22
  [1m[35m (0.2ms)[0m  [1m[34mSELECT "schema_migrations"."version" FROM "schema_migrations" ORDER BY "schema_migrations"."version" ASC[0m
  ↳ /Users/Fahd/.rbenv/versions/2.4.1/bin/rake:22
Migrating to CreateUsers (20181014060525)
  [1m[35m (0.1ms)[0m  [1m[36mbegin transaction[0m
  ↳ /Users/Fahd/.rbenv/versions/2.4.1/bin/rake:22
  [1m[35m (0.5ms)[0m  [1m[35mCREATE TABLE "users" ("id" integer PRIMARY KEY AUTOINCREMENT NOT NULL, "name" varchar, "email" varchar, "password_digest" varchar, "class" varchar, "school" varchar, "created_at" datetime NOT NULL, "updated_at" datetime NOT NULL)[0m
  ↳ db/migrate/20181014060525_create_users.rb:3
  [1m[36mActiveRecord::SchemaMigration Create (0.3ms)[0m  [1m[32mINSERT INTO "schema_migrations" ("version") VALUES (?)[0m  [["version", "20181014060525"]]
  ↳ /Users/Fahd/.rbenv/versions/2.4.1/bin/rake:22
  [1m[35m (0.9ms)[0m  [1m[36mcommit transaction[0m
  ↳ /Users/Fahd/.rbenv/versions/2.4.1/bin/rake:22
  [1m[36mActiveRecord::InternalMetadata Load (0.1ms)[0m  [1m[34mSELECT  "ar_internal_metadata".* FROM "ar_internal_metadata" WHERE "ar_internal_metadata"."key" = ? LIMIT ?[0m  [["key", "environment"], ["LIMIT", 1]]
  ↳ /Users/Fahd/.rbenv/versions/2.4.1/bin/rake:22
  [1m[35m (0.1ms)[0m  [1m[36mbegin transaction[0m
  ↳ /Users/Fahd/.rbenv/versions/2.4.1/bin/rake:22
  [1m[36mActiveRecord::InternalMetadata Create (0.4ms)[0m  [1m[32mINSERT INTO "ar_internal_metadata" ("key", "value", "created_at", "updated_at") VALUES (?, ?, ?, ?)[0m  [["key", "environment"], ["value", "development"], ["created_at", "2018-10-14 06:06:17.762857"], ["updated_at", "2018-10-14 06:06:17.762857"]]
  ↳ /Users/Fahd/.rbenv/versions/2.4.1/bin/rake:22
  [1m[35m (0.7ms)[0m  [1m[36mcommit transaction[0m
  ↳ /Users/Fahd/.rbenv/versions/2.4.1/bin/rake:22
  [1m[35m (0.2ms)[0m  [1m[34mSELECT "schema_migrations"."version" FROM "schema_migrations" ORDER BY "schema_migrations"."version" ASC[0m
  ↳ /Users/Fahd/.rbenv/versions/2.4.1/bin/rake:22
  [1m[35m (0.2ms)[0m  [1m[34mSELECT "schema_migrations"."version" FROM "schema_migrations" ORDER BY "schema_migrations"."version" ASC[0m
  ↳ /Users/Fahd/.rbenv/versions/2.4.1/bin/rake:22
  [1m[35m (0.1ms)[0m  [1m[34mSELECT "schema_migrations"."version" FROM "schema_migrations" ORDER BY "schema_migrations"."version" ASC[0m
  ↳ /Users/Fahd/.rbenv/versions/2.4.1/bin/rake:22
  [1m[35m (0.1ms)[0m  [1m[34mSELECT "schema_migrations"."version" FROM "schema_migrations" ORDER BY "schema_migrations"."version" ASC[0m
  ↳ /Users/Fahd/.rbenv/versions/2.4.1/bin/rake:22
  [1m[35m (0.1ms)[0m  [1m[34mSELECT "schema_migrations"."version" FROM "schema_migrations" ORDER BY "schema_migrations"."version" ASC[0m
  ↳ /Users/Fahd/.rbenv/versions/2.4.1/bin/rake:22
Migrating to CreateUsers (20181014060525)
  [1m[35m (0.1ms)[0m  [1m[36mbegin transaction[0m
  ↳ /Users/Fahd/.rbenv/versions/2.4.1/bin/rake:22
  [1m[35m (0.9ms)[0m  [1m[35mDROP TABLE "users"[0m
  ↳ /Users/Fahd/.rbenv/versions/2.4.1/bin/rake:22
  [1m[36mActiveRecord::SchemaMigration Destroy (0.3ms)[0m  [1m[31mDELETE FROM "schema_migrations" WHERE "schema_migrations"."version" = ?[0m  [["version", "20181014060525"]]
  ↳ /Users/Fahd/.rbenv/versions/2.4.1/bin/rake:22
  [1m[35m (0.8ms)[0m  [1m[36mcommit transaction[0m
  ↳ /Users/Fahd/.rbenv/versions/2.4.1/bin/rake:22
  [1m[35m (0.1ms)[0m  [1m[34mSELECT "schema_migrations"."version" FROM "schema_migrations" ORDER BY "schema_migrations"."version" ASC[0m
  ↳ /Users/Fahd/.rbenv/versions/2.4.1/bin/rake:22
  [1m[35m (0.2ms)[0m  [1m[34mSELECT "schema_migrations"."version" FROM "schema_migrations" ORDER BY "schema_migrations"."version" ASC[0m
  ↳ /Users/Fahd/.rbenv/versions/2.4.1/bin/rake:22
Migrating to CreateUsers (20181014060525)
  [1m[35m (0.1ms)[0m  [1m[36mbegin transaction[0m
  ↳ /Users/Fahd/.rbenv/versions/2.4.1/bin/rake:22
  [1m[35m (0.1ms)[0m  [1m[34mSELECT sqlite_version(*)[0m
  ↳ db/migrate/20181014060525_create_users.rb:3
  [1m[35m (0.6ms)[0m  [1m[35mCREATE TABLE "users" ("id" integer PRIMARY KEY AUTOINCREMENT NOT NULL, "name" varchar, "email" varchar, "class" varchar, "school" varchar, "created_at" datetime NOT NULL, "updated_at" datetime NOT NULL)[0m
  ↳ db/migrate/20181014060525_create_users.rb:3
  [1m[36mActiveRecord::SchemaMigration Create (0.3ms)[0m  [1m[32mINSERT INTO "schema_migrations" ("version") VALUES (?)[0m  [["version", "20181014060525"]]
  ↳ /Users/Fahd/.rbenv/versions/2.4.1/bin/rake:22
  [1m[35m (0.9ms)[0m  [1m[36mcommit transaction[0m
  ↳ /Users/Fahd/.rbenv/versions/2.4.1/bin/rake:22
Migrating to CreateDeviceConfigs (20181014062808)
  [1m[35m (0.1ms)[0m  [1m[36mbegin transaction[0m
  ↳ /Users/Fahd/.rbenv/versions/2.4.1/bin/rake:22
  [1m[35m (0.4ms)[0m  [1m[35mCREATE TABLE "device_configs" ("id" integer PRIMARY KEY AUTOINCREMENT NOT NULL, "auth_key" varchar, "user_id" integer, "created_at" datetime NOT NULL, "updated_at" datetime NOT NULL, CONSTRAINT "fk_rails_62377555d9"
FOREIGN KEY ("user_id")
  REFERENCES "users" ("id")
)[0m
  ↳ db/migrate/20181014062808_create_device_configs.rb:3
  [1m[35m (0.2ms)[0m  [1m[35mCREATE  INDEX "index_device_configs_on_user_id" ON "device_configs" ("user_id")[0m
  ↳ db/migrate/20181014062808_create_device_configs.rb:3
  [1m[36mActiveRecord::SchemaMigration Create (0.2ms)[0m  [1m[32mINSERT INTO "schema_migrations" ("version") VALUES (?)[0m  [["version", "20181014062808"]]
  ↳ /Users/Fahd/.rbenv/versions/2.4.1/bin/rake:22
  [1m[35m (0.9ms)[0m  [1m[36mcommit transaction[0m
  ↳ /Users/Fahd/.rbenv/versions/2.4.1/bin/rake:22
  [1m[36mActiveRecord::InternalMetadata Load (0.2ms)[0m  [1m[34mSELECT  "ar_internal_metadata".* FROM "ar_internal_metadata" WHERE "ar_internal_metadata"."key" = ? LIMIT ?[0m  [["key", "environment"], ["LIMIT", 1]]
  ↳ /Users/Fahd/.rbenv/versions/2.4.1/bin/rake:22
  [1m[35m (0.1ms)[0m  [1m[36mbegin transaction[0m
  ↳ /Users/Fahd/.rbenv/versions/2.4.1/bin/rake:22
  [1m[35m (0.0ms)[0m  [1m[36mcommit transaction[0m
  ↳ /Users/Fahd/.rbenv/versions/2.4.1/bin/rake:22
  [1m[35m (0.1ms)[0m  [1m[34mSELECT "schema_migrations"."version" FROM "schema_migrations" ORDER BY "schema_migrations"."version" ASC[0m
  ↳ /Users/Fahd/.rbenv/versions/2.4.1/bin/rake:22
Started GET "/api/v1/list" for 127.0.0.1 at 2018-10-14 12:09:10 +0530
  [1m[35m (0.2ms)[0m  [1m[34mSELECT "schema_migrations"."version" FROM "schema_migrations" ORDER BY "schema_migrations"."version" ASC[0m
  ↳ /Users/Fahd/.rbenv/versions/2.4.1/lib/ruby/gems/2.4.0/gems/activerecord-5.2.1/lib/active_record/log_subscriber.rb:98
  
ActionController::RoutingError (undefined method `protect_from_forgery' for ApplicationController:Class):
  
app/controllers/application_controller.rb:2:in `<class:ApplicationController>'
app/controllers/application_controller.rb:1:in `<main>'
app/controllers/api/v1/file_manager_controller.rb:1:in `<main>'
Started GET "/api/v1/list" for 127.0.0.1 at 2018-10-14 12:09:24 +0530
Processing by Api::V1::FileManagerController#list as */*
  [1m[36mDeviceConfig Load (0.4ms)[0m  [1m[34mSELECT  "device_configs".* FROM "device_configs" WHERE "device_configs"."user_auth_token" IS NULL ORDER BY "device_configs"."id" ASC LIMIT ?[0m  [["LIMIT", 1]]
  ↳ app/controllers/application_controller.rb:8
Completed 500 Internal Server Error in 4968ms (ActiveRecord: 1.4ms)


  
ActiveRecord::StatementInvalid (SQLite3::SQLException: no such column: device_configs.user_auth_token: SELECT  "device_configs".* FROM "device_configs" WHERE "device_configs"."user_auth_token" IS NULL ORDER BY "device_configs"."id" ASC LIMIT ?):
  
app/controllers/application_controller.rb:8:in `authenticate_auth_key!'
  [1m[35m (0.2ms)[0m  [1m[34mSELECT "schema_migrations"."version" FROM "schema_migrations" ORDER BY "schema_migrations"."version" ASC[0m
  ↳ /Users/Fahd/.rbenv/versions/2.4.1/bin/rake:22
  [1m[35m (0.3ms)[0m  [1m[34mSELECT "ar_internal_metadata"."value" FROM "ar_internal_metadata" WHERE "ar_internal_metadata"."key" = ?[0m  [["key", "environment"]]
  ↳ /Users/Fahd/.rbenv/versions/2.4.1/bin/rake:22
  [1m[35m (0.1ms)[0m  [1m[34mSELECT "schema_migrations"."version" FROM "schema_migrations" ORDER BY "schema_migrations"."version" ASC[0m
  ↳ /Users/Fahd/.rbenv/versions/2.4.1/bin/rake:22
  [1m[35m (0.1ms)[0m  [1m[34mSELECT "ar_internal_metadata"."value" FROM "ar_internal_metadata" WHERE "ar_internal_metadata"."key" = ?[0m  [["key", "environment"]]
  ↳ /Users/Fahd/.rbenv/versions/2.4.1/bin/rake:22
  [1m[35m (0.1ms)[0m  [1m[34mSELECT "schema_migrations"."version" FROM "schema_migrations" ORDER BY "schema_migrations"."version" ASC[0m
  ↳ /Users/Fahd/.rbenv/versions/2.4.1/bin/rake:22
  [1m[35m (0.1ms)[0m  [1m[34mSELECT "ar_internal_metadata"."value" FROM "ar_internal_metadata" WHERE "ar_internal_metadata"."key" = ?[0m  [["key", "environment"]]
  ↳ /Users/Fahd/.rbenv/versions/2.4.1/bin/rake:22
  [1m[35m (6.9ms)[0m  [1m[35mCREATE DATABASE "db/development"."sqlite3" ENCODING = 'unicode'[0m
  ↳ /Users/Fahd/.rbenv/versions/2.4.1/bin/rake:22
  [1m[35m (598.2ms)[0m  [1m[35mCREATE DATABASE "bot-club-db-dev" ENCODING = 'unicode'[0m
  ↳ /Users/Fahd/.rbenv/versions/2.4.1/bin/rake:22
  [1m[35m (452.6ms)[0m  [1m[35mCREATE DATABASE "bot-club-db-test" ENCODING = 'unicode'[0m
  ↳ /Users/Fahd/.rbenv/versions/2.4.1/bin/rake:22
  [1m[35m (18.4ms)[0m  [1m[35mCREATE TABLE "schema_migrations" ("version" character varying NOT NULL PRIMARY KEY)[0m
  ↳ /Users/Fahd/.rbenv/versions/2.4.1/bin/rake:22
  [1m[35m (25.9ms)[0m  [1m[35mCREATE TABLE "ar_internal_metadata" ("key" character varying NOT NULL PRIMARY KEY, "value" character varying, "created_at" timestamp NOT NULL, "updated_at" timestamp NOT NULL)[0m
  ↳ /Users/Fahd/.rbenv/versions/2.4.1/bin/rake:22
  [1m[35m (0.8ms)[0m  [1m[34mSELECT pg_try_advisory_lock(2874720298680297900)[0m
  ↳ /Users/Fahd/.rbenv/versions/2.4.1/bin/rake:22
  [1m[35m (0.5ms)[0m  [1m[34mSELECT "schema_migrations"."version" FROM "schema_migrations" ORDER BY "schema_migrations"."version" ASC[0m
  ↳ /Users/Fahd/.rbenv/versions/2.4.1/bin/rake:22
Migrating to CreateUsers (20181014060525)
  [1m[35m (0.1ms)[0m  [1m[35mBEGIN[0m
  ↳ /Users/Fahd/.rbenv/versions/2.4.1/bin/rake:22
  [1m[35m (31.5ms)[0m  [1m[35mCREATE TABLE "users" ("id" bigserial primary key, "name" character varying, "email" character varying, "class" character varying, "school" character varying, "created_at" timestamp NOT NULL, "updated_at" timestamp NOT NULL)[0m
  ↳ db/migrate/20181014060525_create_users.rb:3
  [1m[36mActiveRecord::SchemaMigration Create (2.3ms)[0m  [1m[32mINSERT INTO "schema_migrations" ("version") VALUES ($1) RETURNING "version"[0m  [["version", "20181014060525"]]
  ↳ /Users/Fahd/.rbenv/versions/2.4.1/bin/rake:22
  [1m[35m (0.4ms)[0m  [1m[35mCOMMIT[0m
  ↳ /Users/Fahd/.rbenv/versions/2.4.1/bin/rake:22
Migrating to CreateDeviceConfigs (20181014062808)
  [1m[35m (5.8ms)[0m  [1m[35mBEGIN[0m
  ↳ /Users/Fahd/.rbenv/versions/2.4.1/bin/rake:22
  [1m[35m (21.4ms)[0m  [1m[35mCREATE TABLE "device_configs" ("id" bigserial primary key, "auth_key" character varying, "user_id" bigint, "created_at" timestamp NOT NULL, "updated_at" timestamp NOT NULL, CONSTRAINT "fk_rails_62377555d9"
FOREIGN KEY ("user_id")
  REFERENCES "users" ("id")
)[0m
  ↳ db/migrate/20181014062808_create_device_configs.rb:3
  [1m[35m (0.8ms)[0m  [1m[35mCREATE  INDEX  "index_device_configs_on_user_id" ON "device_configs"  ("user_id")[0m
  ↳ db/migrate/20181014062808_create_device_configs.rb:3
  [1m[36mActiveRecord::SchemaMigration Create (0.2ms)[0m  [1m[32mINSERT INTO "schema_migrations" ("version") VALUES ($1) RETURNING "version"[0m  [["version", "20181014062808"]]
  ↳ /Users/Fahd/.rbenv/versions/2.4.1/bin/rake:22
  [1m[35m (0.4ms)[0m  [1m[35mCOMMIT[0m
  ↳ /Users/Fahd/.rbenv/versions/2.4.1/bin/rake:22
  [1m[36mActiveRecord::InternalMetadata Load (5.9ms)[0m  [1m[34mSELECT  "ar_internal_metadata".* FROM "ar_internal_metadata" WHERE "ar_internal_metadata"."key" = $1 LIMIT $2[0m  [["key", "environment"], ["LIMIT", 1]]
  ↳ /Users/Fahd/.rbenv/versions/2.4.1/bin/rake:22
  [1m[35m (0.2ms)[0m  [1m[35mBEGIN[0m
  ↳ /Users/Fahd/.rbenv/versions/2.4.1/bin/rake:22
  [1m[36mActiveRecord::InternalMetadata Create (13.1ms)[0m  [1m[32mINSERT INTO "ar_internal_metadata" ("key", "value", "created_at", "updated_at") VALUES ($1, $2, $3, $4) RETURNING "key"[0m  [["key", "environment"], ["value", "development"], ["created_at", "2018-10-14 06:44:47.077029"], ["updated_at", "2018-10-14 06:44:47.077029"]]
  ↳ /Users/Fahd/.rbenv/versions/2.4.1/bin/rake:22
  [1m[35m (0.3ms)[0m  [1m[35mCOMMIT[0m
  ↳ /Users/Fahd/.rbenv/versions/2.4.1/bin/rake:22
  [1m[35m (0.2ms)[0m  [1m[34mSELECT pg_advisory_unlock(2874720298680297900)[0m
  ↳ /Users/Fahd/.rbenv/versions/2.4.1/bin/rake:22
  [1m[35m (0.6ms)[0m  [1m[34mSELECT "schema_migrations"."version" FROM "schema_migrations" ORDER BY "schema_migrations"."version" ASC[0m
  ↳ /Users/Fahd/.rbenv/versions/2.4.1/bin/rake:22
Started GET "/api/v1/list" for 127.0.0.1 at 2018-10-14 12:15:14 +0530
  [1m[35m (0.8ms)[0m  [1m[34mSELECT "schema_migrations"."version" FROM "schema_migrations" ORDER BY "schema_migrations"."version" ASC[0m
  ↳ /Users/Fahd/.rbenv/versions/2.4.1/lib/ruby/gems/2.4.0/gems/activerecord-5.2.1/lib/active_record/log_subscriber.rb:98
Processing by Api::V1::FileManagerController#list as */*
Completed 500 Internal Server Error in 5653ms (ActiveRecord: 5.3ms)


  
ActiveRecord::StatementInvalid (PG::UndefinedColumn: ERROR:  column device_configs.user_auth_token does not exist
LINE 1: ...T  "device_configs".* FROM "device_configs" WHERE "device_co...
                                                             ^
: SELECT  "device_configs".* FROM "device_configs" WHERE "device_configs"."user_auth_token" IS NULL ORDER BY "device_configs"."id" ASC LIMIT $1):
  
app/controllers/application_controller.rb:8:in `authenticate_auth_key!'
Started GET "/api/v1/list" for 127.0.0.1 at 2018-10-14 12:16:04 +0530
Processing by Api::V1::FileManagerController#list as */*
  [1m[36mDeviceConfig Load (6.5ms)[0m  [1m[34mSELECT  "device_configs".* FROM "device_configs" WHERE "device_configs"."auth_token" IS NULL LIMIT $1[0m  [["LIMIT", 1]]
  ↳ app/controllers/application_controller.rb:8
Completed 500 Internal Server Error in 15ms (ActiveRecord: 10.9ms)


  
ActiveRecord::StatementInvalid (PG::UndefinedColumn: ERROR:  column device_configs.auth_token does not exist
LINE 1: ...T  "device_configs".* FROM "device_configs" WHERE "device_co...
                                                             ^
HINT:  Perhaps you meant to reference the column "device_configs.auth_key".
: SELECT  "device_configs".* FROM "device_configs" WHERE "device_configs"."auth_token" IS NULL LIMIT $1):
  
app/controllers/application_controller.rb:8:in `authenticate_auth_key!'
Started GET "/api/v1/list" for 127.0.0.1 at 2018-10-14 12:17:04 +0530
Processing by Api::V1::FileManagerController#list as */*
  [1m[36mDeviceConfig Load (7.5ms)[0m  [1m[34mSELECT  "device_configs".* FROM "device_configs" WHERE "device_configs"."auth_token" IS NULL LIMIT $1[0m  [["LIMIT", 1]]
  ↳ app/controllers/application_controller.rb:8
Completed 500 Internal Server Error in 9ms (ActiveRecord: 7.5ms)


  
ActiveRecord::StatementInvalid (PG::UndefinedColumn: ERROR:  column device_configs.auth_token does not exist
LINE 1: ...T  "device_configs".* FROM "device_configs" WHERE "device_co...
                                                             ^
HINT:  Perhaps you meant to reference the column "device_configs.auth_key".
: SELECT  "device_configs".* FROM "device_configs" WHERE "device_configs"."auth_token" IS NULL LIMIT $1):
  
app/controllers/application_controller.rb:8:in `authenticate_auth_key!'
Started GET "/api/v1/list" for 127.0.0.1 at 2018-10-14 12:17:17 +0530
Processing by Api::V1::FileManagerController#list as */*
  [1m[36mDeviceConfig Load (0.6ms)[0m  [1m[34mSELECT  "device_configs".* FROM "device_configs" WHERE "device_configs"."auth_token" IS NULL LIMIT $1[0m  [["LIMIT", 1]]
  ↳ app/controllers/application_controller.rb:8
Completed 500 Internal Server Error in 2ms (ActiveRecord: 0.6ms)


  
ActiveRecord::StatementInvalid (PG::UndefinedColumn: ERROR:  column device_configs.auth_token does not exist
LINE 1: ...T  "device_configs".* FROM "device_configs" WHERE "device_co...
                                                             ^
HINT:  Perhaps you meant to reference the column "device_configs.auth_key".
: SELECT  "device_configs".* FROM "device_configs" WHERE "device_configs"."auth_token" IS NULL LIMIT $1):
  
app/controllers/application_controller.rb:8:in `authenticate_auth_key!'
  [1m[36mDeviceConfig Load (8.4ms)[0m  [1m[34mSELECT  "device_configs".* FROM "device_configs" WHERE "device_configs"."auth_key" = $1 LIMIT $2[0m  [["auth_key", "sdcds"], ["LIMIT", 1]]
Started GET "/api/v1/list" for 127.0.0.1 at 2018-10-14 12:19:06 +0530
  [1m[35m (1.3ms)[0m  [1m[34mSELECT "schema_migrations"."version" FROM "schema_migrations" ORDER BY "schema_migrations"."version" ASC[0m
  ↳ /Users/Fahd/.rbenv/versions/2.4.1/lib/ruby/gems/2.4.0/gems/activerecord-5.2.1/lib/active_record/log_subscriber.rb:98
Processing by Api::V1::FileManagerController#list as */*
Completed 500 Internal Server Error in 18ms (ActiveRecord: 2.6ms)


  
ActiveRecord::StatementInvalid (PG::UndefinedColumn: ERROR:  column device_configs.auth_token does not exist
LINE 1: ...T  "device_configs".* FROM "device_configs" WHERE "device_co...
                                                             ^
HINT:  Perhaps you meant to reference the column "device_configs.auth_key".
: SELECT  "device_configs".* FROM "device_configs" WHERE "device_configs"."auth_token" IS NULL LIMIT $1):
  
app/controllers/application_controller.rb:8:in `authenticate_auth_key!'
Started GET "/api/v1/list" for 127.0.0.1 at 2018-10-14 12:19:54 +0530
Processing by Api::V1::FileManagerController#list as */*
  [1m[36mDeviceConfig Load (2.7ms)[0m  [1m[34mSELECT  "device_configs".* FROM "device_configs" WHERE "device_configs"."auth_key" IS NULL LIMIT $1[0m  [["LIMIT", 1]]
  ↳ app/controllers/application_controller.rb:8
Completed 204 No Content in 19ms (ActiveRecord: 8.8ms)


Started GET "/api/v1/list" for 127.0.0.1 at 2018-10-14 12:21:04 +0530
Processing by Api::V1::FileManagerController#list as */*
  [1m[36mDeviceConfig Load (0.6ms)[0m  [1m[34mSELECT  "device_configs".* FROM "device_configs" WHERE "device_configs"."auth_key" IS NULL LIMIT $1[0m  [["LIMIT", 1]]
  ↳ app/controllers/application_controller.rb:8
Completed 204 No Content in 2ms (ActiveRecord: 0.6ms)


Started GET "/api/v1/list" for 127.0.0.1 at 2018-10-14 12:21:23 +0530
Processing by Api::V1::FileManagerController#list as */*
  [1m[36mDeviceConfig Load (0.5ms)[0m  [1m[34mSELECT  "device_configs".* FROM "device_configs" WHERE "device_configs"."auth_key" IS NULL LIMIT $1[0m  [["LIMIT", 1]]
  ↳ app/controllers/application_controller.rb:8
Completed 204 No Content in 8ms (ActiveRecord: 2.0ms)


Started GET "/api/v1/list" for 127.0.0.1 at 2018-10-14 12:22:10 +0530
Processing by Api::V1::FileManagerController#list as */*
  [1m[36mDeviceConfig Load (0.3ms)[0m  [1m[34mSELECT  "device_configs".* FROM "device_configs" WHERE "device_configs"."auth_key" IS NULL LIMIT $1[0m  [["LIMIT", 1]]
  ↳ app/controllers/application_controller.rb:8
Completed 500 Internal Server Error in 70ms (ActiveRecord: 2.0ms)


  
NoMethodError (undefined method `AND' for #<Api::V1::FileManagerController:0x007fbbfd26e740>
Did you mean?  rand):
  
app/controllers/application_controller.rb:9:in `authenticate_auth_key!'
Started GET "/api/v1/list" for 127.0.0.1 at 2018-10-14 12:22:18 +0530
Processing by Api::V1::FileManagerController#list as */*
  [1m[36mDeviceConfig Load (0.4ms)[0m  [1m[34mSELECT  "device_configs".* FROM "device_configs" WHERE "device_configs"."auth_key" IS NULL LIMIT $1[0m  [["LIMIT", 1]]
  ↳ app/controllers/application_controller.rb:8
Filter chain halted as :authenticate_auth_key! rendered or redirected
Completed 401 Unauthorized in 10ms (Views: 0.3ms | ActiveRecord: 2.9ms)


Started GET "/api/v1/list" for 127.0.0.1 at 2018-10-14 17:55:40 +0530
Processing by Api::V1::FileManagerController#list as */*
  [1m[36mDeviceConfig Load (6.2ms)[0m  [1m[34mSELECT  "device_configs".* FROM "device_configs" WHERE "device_configs"."auth_key" IS NULL LIMIT $1[0m  [["LIMIT", 1]]
  ↳ app/controllers/application_controller.rb:8
Filter chain halted as :authenticate_auth_key! rendered or redirected
Completed 401 Unauthorized in 11122ms (Views: 0.9ms | ActiveRecord: 41.2ms)


Started GET "/api/v1/list" for 127.0.0.1 at 2018-10-14 17:56:28 +0530
Processing by Api::V1::FileManagerController#list as */*
  [1m[36mDeviceConfig Load (0.4ms)[0m  [1m[34mSELECT  "device_configs".* FROM "device_configs" WHERE "device_configs"."auth_key" IS NULL LIMIT $1[0m  [["LIMIT", 1]]
  ↳ app/controllers/application_controller.rb:8
Filter chain halted as :authenticate_auth_key! rendered or redirected
Completed 401 Unauthorized in 46040ms (Views: 0.2ms | ActiveRecord: 0.4ms)


Started GET "/api/v1/list" for 127.0.0.1 at 2018-10-14 17:58:00 +0530
Processing by Api::V1::FileManagerController#list as */*
  [1m[36mDeviceConfig Load (0.4ms)[0m  [1m[34mSELECT  "device_configs".* FROM "device_configs" WHERE "device_configs"."auth_key" IS NULL LIMIT $1[0m  [["LIMIT", 1]]
  ↳ app/controllers/application_controller.rb:8
Filter chain halted as :authenticate_auth_key! rendered or redirected
Completed 401 Unauthorized in 48673ms (Views: 0.2ms | ActiveRecord: 0.4ms)


Started GET "/api/v1/list" for 127.0.0.1 at 2018-10-14 17:59:39 +0530
Processing by Api::V1::FileManagerController#list as */*
  [1m[36mDeviceConfig Load (0.5ms)[0m  [1m[34mSELECT  "device_configs".* FROM "device_configs" WHERE "device_configs"."auth_key" IS NULL LIMIT $1[0m  [["LIMIT", 1]]
  ↳ app/controllers/application_controller.rb:8
Filter chain halted as :authenticate_auth_key! rendered or redirected
Completed 401 Unauthorized in 14543ms (Views: 0.2ms | ActiveRecord: 0.5ms)


Started GET "/api/v1/list" for 127.0.0.1 at 2018-10-14 18:00:59 +0530
Processing by Api::V1::FileManagerController#list as */*
  [1m[36mDeviceConfig Load (0.5ms)[0m  [1m[34mSELECT  "device_configs".* FROM "device_configs" WHERE "device_configs"."auth_key" IS NULL LIMIT $1[0m  [["LIMIT", 1]]
  ↳ app/controllers/application_controller.rb:8
Filter chain halted as :authenticate_auth_key! rendered or redirected
Completed 401 Unauthorized in 15513ms (Views: 0.2ms | ActiveRecord: 0.5ms)


Started GET "/api/v1/list" for 127.0.0.1 at 2018-10-14 18:01:35 +0530
Processing by Api::V1::FileManagerController#list as */*
  [1m[36mDeviceConfig Load (0.4ms)[0m  [1m[34mSELECT  "device_configs".* FROM "device_configs" WHERE "device_configs"."auth_key" IS NULL LIMIT $1[0m  [["LIMIT", 1]]
  ↳ app/controllers/application_controller.rb:8
Filter chain halted as :authenticate_auth_key! rendered or redirected
Completed 401 Unauthorized in 21147ms (Views: 0.2ms | ActiveRecord: 0.4ms)


Started GET "/api/v1/list" for 127.0.0.1 at 2018-10-14 18:03:13 +0530
Processing by Api::V1::FileManagerController#list as */*
  [1m[36mDeviceConfig Load (0.4ms)[0m  [1m[34mSELECT  "device_configs".* FROM "device_configs" WHERE "device_configs"."auth_key" IS NULL LIMIT $1[0m  [["LIMIT", 1]]
  ↳ app/controllers/application_controller.rb:8
Filter chain halted as :authenticate_auth_key! rendered or redirected
Completed 401 Unauthorized in 76642ms (Views: 0.2ms | ActiveRecord: 0.4ms)


Started POST "/api/v1/auth/register" for 127.0.0.1 at 2018-10-14 18:04:32 +0530
  
ActionController::RoutingError (uninitialized constant Api::V1::UsersController):
  
bootsnap (1.3.1) lib/bootsnap/load_path_cache/core_ext/active_support.rb:43:in `load_missing_constant'
activesupport (5.2.1) lib/active_support/inflector/methods.rb:298:in `const_get'
activesupport (5.2.1) lib/active_support/inflector/methods.rb:298:in `block in constantize'
activesupport (5.2.1) lib/active_support/inflector/methods.rb:281:in `each'
activesupport (5.2.1) lib/active_support/inflector/methods.rb:281:in `inject'
activesupport (5.2.1) lib/active_support/inflector/methods.rb:281:in `constantize'
actionpack (5.2.1) lib/action_dispatch/http/request.rb:88:in `controller_class_for'
actionpack (5.2.1) lib/action_dispatch/http/request.rb:81:in `controller_class'
actionpack (5.2.1) lib/action_dispatch/routing/route_set.rb:46:in `controller'
actionpack (5.2.1) lib/action_dispatch/routing/route_set.rb:32:in `serve'
actionpack (5.2.1) lib/action_dispatch/journey/router.rb:52:in `block in serve'
actionpack (5.2.1) lib/action_dispatch/journey/router.rb:35:in `each'
actionpack (5.2.1) lib/action_dispatch/journey/router.rb:35:in `serve'
actionpack (5.2.1) lib/action_dispatch/routing/route_set.rb:840:in `call'
rack (2.0.5) lib/rack/etag.rb:25:in `call'
rack (2.0.5) lib/rack/conditional_get.rb:38:in `call'
rack (2.0.5) lib/rack/head.rb:12:in `call'
activerecord (5.2.1) lib/active_record/migration.rb:559:in `call'
actionpack (5.2.1) lib/action_dispatch/middleware/callbacks.rb:28:in `block in call'
activesupport (5.2.1) lib/active_support/callbacks.rb:98:in `run_callbacks'
actionpack (5.2.1) lib/action_dispatch/middleware/callbacks.rb:26:in `call'
actionpack (5.2.1) lib/action_dispatch/middleware/executor.rb:14:in `call'
actionpack (5.2.1) lib/action_dispatch/middleware/debug_exceptions.rb:61:in `call'
actionpack (5.2.1) lib/action_dispatch/middleware/show_exceptions.rb:33:in `call'
railties (5.2.1) lib/rails/rack/logger.rb:38:in `call_app'
railties (5.2.1) lib/rails/rack/logger.rb:26:in `block in call'
activesupport (5.2.1) lib/active_support/tagged_logging.rb:71:in `block in tagged'
activesupport (5.2.1) lib/active_support/tagged_logging.rb:28:in `tagged'
activesupport (5.2.1) lib/active_support/tagged_logging.rb:71:in `tagged'
railties (5.2.1) lib/rails/rack/logger.rb:26:in `call'
actionpack (5.2.1) lib/action_dispatch/middleware/remote_ip.rb:81:in `call'
actionpack (5.2.1) lib/action_dispatch/middleware/request_id.rb:27:in `call'
rack (2.0.5) lib/rack/runtime.rb:22:in `call'
activesupport (5.2.1) lib/active_support/cache/strategy/local_cache_middleware.rb:29:in `call'
actionpack (5.2.1) lib/action_dispatch/middleware/executor.rb:14:in `call'
actionpack (5.2.1) lib/action_dispatch/middleware/static.rb:127:in `call'
rack (2.0.5) lib/rack/sendfile.rb:111:in `call'
rack-cors (1.0.2) lib/rack/cors.rb:97:in `call'
railties (5.2.1) lib/rails/engine.rb:524:in `call'
puma (3.12.0) lib/puma/configuration.rb:225:in `call'
puma (3.12.0) lib/puma/server.rb:658:in `handle_request'
puma (3.12.0) lib/puma/server.rb:472:in `process_client'
puma (3.12.0) lib/puma/server.rb:332:in `block in run'
puma (3.12.0) lib/puma/thread_pool.rb:133:in `block in spawn_thread'
Started GET "/api/v1/auth/register" for 127.0.0.1 at 2018-10-14 18:05:13 +0530
  
ActionController::RoutingError (No route matches [GET] "/api/v1/auth/register"):
  
actionpack (5.2.1) lib/action_dispatch/middleware/debug_exceptions.rb:65:in `call'
actionpack (5.2.1) lib/action_dispatch/middleware/show_exceptions.rb:33:in `call'
railties (5.2.1) lib/rails/rack/logger.rb:38:in `call_app'
railties (5.2.1) lib/rails/rack/logger.rb:26:in `block in call'
activesupport (5.2.1) lib/active_support/tagged_logging.rb:71:in `block in tagged'
activesupport (5.2.1) lib/active_support/tagged_logging.rb:28:in `tagged'
activesupport (5.2.1) lib/active_support/tagged_logging.rb:71:in `tagged'
railties (5.2.1) lib/rails/rack/logger.rb:26:in `call'
actionpack (5.2.1) lib/action_dispatch/middleware/remote_ip.rb:81:in `call'
actionpack (5.2.1) lib/action_dispatch/middleware/request_id.rb:27:in `call'
rack (2.0.5) lib/rack/runtime.rb:22:in `call'
activesupport (5.2.1) lib/active_support/cache/strategy/local_cache_middleware.rb:29:in `call'
actionpack (5.2.1) lib/action_dispatch/middleware/executor.rb:14:in `call'
actionpack (5.2.1) lib/action_dispatch/middleware/static.rb:127:in `call'
rack (2.0.5) lib/rack/sendfile.rb:111:in `call'
rack-cors (1.0.2) lib/rack/cors.rb:97:in `call'
railties (5.2.1) lib/rails/engine.rb:524:in `call'
puma (3.12.0) lib/puma/configuration.rb:225:in `call'
puma (3.12.0) lib/puma/server.rb:658:in `handle_request'
puma (3.12.0) lib/puma/server.rb:472:in `process_client'
puma (3.12.0) lib/puma/server.rb:332:in `block in run'
puma (3.12.0) lib/puma/thread_pool.rb:133:in `block in spawn_thread'
Started POST "/api/v1/auth/register" for 127.0.0.1 at 2018-10-14 18:05:37 +0530
  
ActionController::RoutingError (uninitialized constant Api::V1::UsersController):
  
bootsnap (1.3.1) lib/bootsnap/load_path_cache/core_ext/active_support.rb:43:in `load_missing_constant'
activesupport (5.2.1) lib/active_support/inflector/methods.rb:298:in `const_get'
activesupport (5.2.1) lib/active_support/inflector/methods.rb:298:in `block in constantize'
activesupport (5.2.1) lib/active_support/inflector/methods.rb:281:in `each'
activesupport (5.2.1) lib/active_support/inflector/methods.rb:281:in `inject'
activesupport (5.2.1) lib/active_support/inflector/methods.rb:281:in `constantize'
actionpack (5.2.1) lib/action_dispatch/http/request.rb:88:in `controller_class_for'
actionpack (5.2.1) lib/action_dispatch/http/request.rb:81:in `controller_class'
actionpack (5.2.1) lib/action_dispatch/routing/route_set.rb:46:in `controller'
actionpack (5.2.1) lib/action_dispatch/routing/route_set.rb:32:in `serve'
actionpack (5.2.1) lib/action_dispatch/journey/router.rb:52:in `block in serve'
actionpack (5.2.1) lib/action_dispatch/journey/router.rb:35:in `each'
actionpack (5.2.1) lib/action_dispatch/journey/router.rb:35:in `serve'
actionpack (5.2.1) lib/action_dispatch/routing/route_set.rb:840:in `call'
rack (2.0.5) lib/rack/etag.rb:25:in `call'
rack (2.0.5) lib/rack/conditional_get.rb:38:in `call'
rack (2.0.5) lib/rack/head.rb:12:in `call'
activerecord (5.2.1) lib/active_record/migration.rb:559:in `call'
actionpack (5.2.1) lib/action_dispatch/middleware/callbacks.rb:28:in `block in call'
activesupport (5.2.1) lib/active_support/callbacks.rb:98:in `run_callbacks'
actionpack (5.2.1) lib/action_dispatch/middleware/callbacks.rb:26:in `call'
actionpack (5.2.1) lib/action_dispatch/middleware/executor.rb:14:in `call'
actionpack (5.2.1) lib/action_dispatch/middleware/debug_exceptions.rb:61:in `call'
actionpack (5.2.1) lib/action_dispatch/middleware/show_exceptions.rb:33:in `call'
railties (5.2.1) lib/rails/rack/logger.rb:38:in `call_app'
railties (5.2.1) lib/rails/rack/logger.rb:26:in `block in call'
activesupport (5.2.1) lib/active_support/tagged_logging.rb:71:in `block in tagged'
activesupport (5.2.1) lib/active_support/tagged_logging.rb:28:in `tagged'
activesupport (5.2.1) lib/active_support/tagged_logging.rb:71:in `tagged'
railties (5.2.1) lib/rails/rack/logger.rb:26:in `call'
actionpack (5.2.1) lib/action_dispatch/middleware/remote_ip.rb:81:in `call'
actionpack (5.2.1) lib/action_dispatch/middleware/request_id.rb:27:in `call'
rack (2.0.5) lib/rack/runtime.rb:22:in `call'
activesupport (5.2.1) lib/active_support/cache/strategy/local_cache_middleware.rb:29:in `call'
actionpack (5.2.1) lib/action_dispatch/middleware/executor.rb:14:in `call'
actionpack (5.2.1) lib/action_dispatch/middleware/static.rb:127:in `call'
rack (2.0.5) lib/rack/sendfile.rb:111:in `call'
rack-cors (1.0.2) lib/rack/cors.rb:97:in `call'
railties (5.2.1) lib/rails/engine.rb:524:in `call'
puma (3.12.0) lib/puma/configuration.rb:225:in `call'
puma (3.12.0) lib/puma/server.rb:658:in `handle_request'
puma (3.12.0) lib/puma/server.rb:472:in `process_client'
puma (3.12.0) lib/puma/server.rb:332:in `block in run'
puma (3.12.0) lib/puma/thread_pool.rb:133:in `block in spawn_thread'
Started POST "/api/v1/auth/register" for 127.0.0.1 at 2018-10-14 18:06:28 +0530
Processing by Api::V1::UsersController#register as */*
  [1m[36mDeviceConfig Load (0.4ms)[0m  [1m[34mSELECT  "device_configs".* FROM "device_configs" WHERE "device_configs"."auth_key" IS NULL LIMIT $1[0m  [["LIMIT", 1]]
  ↳ app/controllers/application_controller.rb:8
Filter chain halted as :authenticate_auth_key! rendered or redirected
Completed 401 Unauthorized in 88687ms (Views: 0.4ms | ActiveRecord: 2.8ms)


Started POST "/api/v1/auth/register" for 127.0.0.1 at 2018-10-14 18:08:03 +0530
Processing by Api::V1::UsersController#register as */*
  [1m[36mDeviceConfig Load (0.5ms)[0m  [1m[34mSELECT  "device_configs".* FROM "device_configs" WHERE "device_configs"."auth_key" IS NULL LIMIT $1[0m  [["LIMIT", 1]]
  ↳ app/controllers/application_controller.rb:7
Filter chain halted as :authenticate_auth_key! rendered or redirected
Completed 401 Unauthorized in 9ms (Views: 0.5ms | ActiveRecord: 3.3ms)


Started POST "/api/v1/auth/register" for 127.0.0.1 at 2018-10-14 18:08:18 +0530
Processing by Api::V1::UsersController#register as */*
  [1m[36mDeviceConfig Load (0.3ms)[0m  [1m[34mSELECT  "device_configs".* FROM "device_configs" WHERE "device_configs"."auth_key" IS NULL LIMIT $1[0m  [["LIMIT", 1]]
  ↳ app/controllers/application_controller.rb:7
Filter chain halted as :authenticate_auth_key! rendered or redirected
Completed 401 Unauthorized in 2ms (Views: 0.3ms | ActiveRecord: 0.3ms)


Started POST "/api/v1/auth/register" for 127.0.0.1 at 2018-10-14 18:08:49 +0530
Processing by Api::V1::UsersController#register as */*
  Parameters: {"sdcdscds"=>"sdcdscds"}
  [1m[36mDeviceConfig Load (0.5ms)[0m  [1m[34mSELECT  "device_configs".* FROM "device_configs" WHERE "device_configs"."auth_key" IS NULL LIMIT $1[0m  [["LIMIT", 1]]
  ↳ app/controllers/application_controller.rb:7
Filter chain halted as :authenticate_auth_key! rendered or redirected
Completed 401 Unauthorized in 2ms (Views: 0.3ms | ActiveRecord: 0.5ms)


Started POST "/api/v1/auth/register" for 127.0.0.1 at 2018-10-14 18:11:15 +0530
Processing by Api::V1::UsersController#register as */*
  Parameters: {"sdcdscds"=>"sdcdscds"}
Started POST "/api/v1/auth/register" for 127.0.0.1 at 2018-10-14 18:12:33 +0530
Completed 500 Internal Server Error in 291107ms (ActiveRecord: 0.0ms)


  
SystemExit (exit):
  
app/controllers/application_controller.rb:7:in `authenticate_auth_key!'
Processing by Api::V1::UsersController#register as */*
Completed 500 Internal Server Error in 49ms (ActiveRecord: 30.3ms)


  
NoMethodError (undefined method `fetch_value' for nil:NilClass):
  
app/controllers/api/v1/users_controller.rb:6:in `register'
Started POST "/api/v1/auth/register" for 127.0.0.1 at 2018-10-14 18:16:10 +0530
Processing by Api::V1::UsersController#register as */*
  Parameters: {"name"=>"Vignesh ", "class"=>"9", "school"=>"Srinivasa Vidhyalaya"}
Completed 500 Internal Server Error in 3ms (ActiveRecord: 0.0ms)


  
NoMethodError (undefined method `fetch_value' for nil:NilClass):
  
app/controllers/api/v1/users_controller.rb:6:in `register'
Started POST "/api/v1/auth/register" for 127.0.0.1 at 2018-10-14 18:18:16 +0530
Processing by Api::V1::UsersController#register as */*
  Parameters: {"name"=>"Vignesh ", "class"=>"9", "school"=>"Srinivasa Vidhyalaya"}
Completed 500 Internal Server Error in 117526ms (ActiveRecord: 3.6ms)


  
NoMethodError (undefined method `fetch_value' for nil:NilClass):
  
app/controllers/api/v1/users_controller.rb:7:in `register'
Started POST "/api/v1/auth/register" for 127.0.0.1 at 2018-10-14 18:20:16 +0530
Processing by Api::V1::UsersController#register as */*
Completed 500 Internal Server Error in 27291ms (ActiveRecord: 0.0ms)


  
NoMethodError (undefined method `fetch_value' for nil:NilClass):
  
app/controllers/api/v1/users_controller.rb:7:in `register'
Started POST "/api/v1/auth/register" for 127.0.0.1 at 2018-10-14 18:21:07 +0530
Processing by Api::V1::UsersController#register as */*
  Parameters: {"name"=>"Vignesh", "school"=>"9", "email"=>"vignesh@vakilsearch.com"}
Completed 500 Internal Server Error in 1083481ms (ActiveRecord: 0.0ms)


  
NoMethodError (undefined method `fetch_value' for nil:NilClass):
  
app/controllers/api/v1/users_controller.rb:7:in `register'
Started POST "/api/v1/auth/register" for 127.0.0.1 at 2018-10-14 18:39:16 +0530
Processing by Api::V1::UsersController#register as */*
  Parameters: {"user"=>{"name"=>"Vignesh"}, "school"=>"9", "email"=>"vignesh@vakilsearch.com"}
Unpermitted parameter: :user
Unpermitted parameter: :user
Completed 500 Internal Server Error in 93904ms (ActiveRecord: 0.0ms)


  
NoMethodError (undefined method `fetch_value' for nil:NilClass):
  
app/controllers/api/v1/users_controller.rb:7:in `register'
Started POST "/api/v1/auth/register" for 127.0.0.1 at 2018-10-14 18:41:04 +0530
Processing by Api::V1::UsersController#register as */*
  Parameters: {"user"=>{"name"=>"Vignesh", "school"=>"9", "email"=>"vignesh@vakilsearch.com"}}
Completed 500 Internal Server Error in 5ms (ActiveRecord: 0.0ms)


  
TypeError (no implicit conversion of Symbol into String):
  
app/controllers/api/v1/users_controller.rb:18:in `user_params'
app/controllers/api/v1/users_controller.rb:6:in `register'
Started POST "/api/v1/auth/register" for 127.0.0.1 at 2018-10-14 18:41:39 +0530
Processing by Api::V1::UsersController#register as */*
  Parameters: {"user"=>{"name"=>"Vignesh", "school"=>"9", "email"=>"vignesh@vakilsearch.com"}}
Completed 500 Internal Server Error in 21ms (ActiveRecord: 6.5ms)


  
NoMethodError (undefined method `fetch_value' for nil:NilClass):
  
app/controllers/api/v1/users_controller.rb:6:in `register'
Started POST "/api/v1/auth/register" for 127.0.0.1 at 2018-10-14 18:42:00 +0530
Processing by Api::V1::UsersController#register as */*
  Parameters: {"user"=>{"name"=>"Vignesh", "school"=>"9", "email"=>"vignesh@vakilsearch.com"}}
  [1m[35m (18.5ms)[0m  [1m[34mSELECT "schema_migrations"."version" FROM "schema_migrations" ORDER BY "schema_migrations"."version" ASC[0m
  ↳ /Users/Fahd/.rbenv/versions/2.4.1/bin/rake:22
  [1m[35m (0.2ms)[0m  [1m[34mSELECT "schema_migrations"."version" FROM "schema_migrations" ORDER BY "schema_migrations"."version" ASC[0m
  ↳ /Users/Fahd/.rbenv/versions/2.4.1/bin/rake:22
  [1m[35m (0.2ms)[0m  [1m[34mSELECT "schema_migrations"."version" FROM "schema_migrations" ORDER BY "schema_migrations"."version" ASC[0m
  ↳ /Users/Fahd/.rbenv/versions/2.4.1/bin/rake:22
  [1m[35m (0.3ms)[0m  [1m[34mSELECT pg_try_advisory_lock(2874720298680297900)[0m
  ↳ /Users/Fahd/.rbenv/versions/2.4.1/bin/rake:22
  [1m[35m (0.2ms)[0m  [1m[34mSELECT "schema_migrations"."version" FROM "schema_migrations" ORDER BY "schema_migrations"."version" ASC[0m
  ↳ /Users/Fahd/.rbenv/versions/2.4.1/bin/rake:22
Migrating to CreateDeviceConfigs (20181014062808)
  [1m[35m (6.0ms)[0m  [1m[35mBEGIN[0m
  ↳ /Users/Fahd/.rbenv/versions/2.4.1/bin/rake:22
  [1m[35m (37.4ms)[0m  [1m[35mDROP TABLE "device_configs"[0m
  ↳ /Users/Fahd/.rbenv/versions/2.4.1/bin/rake:22
  [1m[36mActiveRecord::SchemaMigration Destroy (27.9ms)[0m  [1m[31mDELETE FROM "schema_migrations" WHERE "schema_migrations"."version" = $1[0m  [["version", "20181014062808"]]
  ↳ /Users/Fahd/.rbenv/versions/2.4.1/bin/rake:22
  [1m[35m (8.5ms)[0m  [1m[35mCOMMIT[0m
  ↳ /Users/Fahd/.rbenv/versions/2.4.1/bin/rake:22
Migrating to CreateUsers (20181014060525)
  [1m[35m (0.3ms)[0m  [1m[35mBEGIN[0m
  ↳ /Users/Fahd/.rbenv/versions/2.4.1/bin/rake:22
  [1m[35m (12.2ms)[0m  [1m[35mDROP TABLE "users"[0m
  ↳ /Users/Fahd/.rbenv/versions/2.4.1/bin/rake:22
  [1m[36mActiveRecord::SchemaMigration Destroy (0.3ms)[0m  [1m[31mDELETE FROM "schema_migrations" WHERE "schema_migrations"."version" = $1[0m  [["version", "20181014060525"]]
  ↳ /Users/Fahd/.rbenv/versions/2.4.1/bin/rake:22
  [1m[35m (12.6ms)[0m  [1m[35mCOMMIT[0m
  ↳ /Users/Fahd/.rbenv/versions/2.4.1/bin/rake:22
  [1m[35m (0.3ms)[0m  [1m[34mSELECT pg_advisory_unlock(2874720298680297900)[0m
  ↳ /Users/Fahd/.rbenv/versions/2.4.1/bin/rake:22
  [1m[35m (0.3ms)[0m  [1m[34mSELECT "schema_migrations"."version" FROM "schema_migrations" ORDER BY "schema_migrations"."version" ASC[0m
  ↳ /Users/Fahd/.rbenv/versions/2.4.1/bin/rake:22
Started POST "/api/v1/auth/register" for ::1 at 2018-10-14 18:52:12 +0530
  [1m[35m (0.7ms)[0m  [1m[34mSELECT "schema_migrations"."version" FROM "schema_migrations" ORDER BY "schema_migrations"."version" ASC[0m
  ↳ /Users/Fahd/.rbenv/versions/2.4.1/lib/ruby/gems/2.4.0/gems/activerecord-5.2.1/lib/active_record/log_subscriber.rb:98
  
ActiveRecord::PendingMigrationError (

Migrations are pending. To resolve this issue, run:

        bin/rails db:migrate RAILS_ENV=development

):
  
activerecord (5.2.1) lib/active_record/migration.rb:579:in `check_pending!'
activerecord (5.2.1) lib/active_record/migration.rb:556:in `call'
actionpack (5.2.1) lib/action_dispatch/middleware/callbacks.rb:28:in `block in call'
activesupport (5.2.1) lib/active_support/callbacks.rb:98:in `run_callbacks'
actionpack (5.2.1) lib/action_dispatch/middleware/callbacks.rb:26:in `call'
actionpack (5.2.1) lib/action_dispatch/middleware/executor.rb:14:in `call'
actionpack (5.2.1) lib/action_dispatch/middleware/debug_exceptions.rb:61:in `call'
actionpack (5.2.1) lib/action_dispatch/middleware/show_exceptions.rb:33:in `call'
railties (5.2.1) lib/rails/rack/logger.rb:38:in `call_app'
railties (5.2.1) lib/rails/rack/logger.rb:26:in `block in call'
activesupport (5.2.1) lib/active_support/tagged_logging.rb:71:in `block in tagged'
activesupport (5.2.1) lib/active_support/tagged_logging.rb:28:in `tagged'
activesupport (5.2.1) lib/active_support/tagged_logging.rb:71:in `tagged'
railties (5.2.1) lib/rails/rack/logger.rb:26:in `call'
actionpack (5.2.1) lib/action_dispatch/middleware/remote_ip.rb:81:in `call'
actionpack (5.2.1) lib/action_dispatch/middleware/request_id.rb:27:in `call'
rack (2.0.5) lib/rack/runtime.rb:22:in `call'
activesupport (5.2.1) lib/active_support/cache/strategy/local_cache_middleware.rb:29:in `call'
actionpack (5.2.1) lib/action_dispatch/middleware/executor.rb:14:in `call'
actionpack (5.2.1) lib/action_dispatch/middleware/static.rb:127:in `call'
rack (2.0.5) lib/rack/sendfile.rb:111:in `call'
rack-cors (1.0.2) lib/rack/cors.rb:97:in `call'
railties (5.2.1) lib/rails/engine.rb:524:in `call'
puma (3.12.0) lib/puma/configuration.rb:225:in `call'
puma (3.12.0) lib/puma/server.rb:658:in `handle_request'
puma (3.12.0) lib/puma/server.rb:472:in `process_client'
puma (3.12.0) lib/puma/server.rb:332:in `block in run'
puma (3.12.0) lib/puma/thread_pool.rb:133:in `block in spawn_thread'
  [1m[35m (0.3ms)[0m  [1m[34mSELECT pg_try_advisory_lock(2874720298680297900)[0m
  ↳ /Users/Fahd/.rbenv/versions/2.4.1/bin/rake:22
  [1m[35m (0.6ms)[0m  [1m[34mSELECT "schema_migrations"."version" FROM "schema_migrations" ORDER BY "schema_migrations"."version" ASC[0m
  ↳ /Users/Fahd/.rbenv/versions/2.4.1/bin/rake:22
Migrating to CreateUsers (20181014060525)
  [1m[35m (0.2ms)[0m  [1m[35mBEGIN[0m
  ↳ /Users/Fahd/.rbenv/versions/2.4.1/bin/rake:22
  [1m[35m (42.7ms)[0m  [1m[35mCREATE TABLE "users" ("id" bigserial primary key, "name" character varying, "email" character varying, "class" character varying, "school" character varying, "created_at" timestamp NOT NULL, "updated_at" timestamp NOT NULL)[0m
  ↳ db/migrate/20181014060525_create_users.rb:3
  [1m[36mActiveRecord::SchemaMigration Create (1.8ms)[0m  [1m[32mINSERT INTO "schema_migrations" ("version") VALUES ($1) RETURNING "version"[0m  [["version", "20181014060525"]]
  ↳ /Users/Fahd/.rbenv/versions/2.4.1/bin/rake:22
  [1m[35m (0.7ms)[0m  [1m[35mCOMMIT[0m
  ↳ /Users/Fahd/.rbenv/versions/2.4.1/bin/rake:22
Migrating to CreateDeviceConfigs (20181014062808)
  [1m[35m (6.1ms)[0m  [1m[35mBEGIN[0m
  ↳ /Users/Fahd/.rbenv/versions/2.4.1/bin/rake:22
  [1m[35m (29.4ms)[0m  [1m[35mCREATE TABLE "device_configs" ("id" bigserial primary key, "auth_key" character varying, "user_id" bigint, "created_at" timestamp NOT NULL, "updated_at" timestamp NOT NULL, CONSTRAINT "fk_rails_62377555d9"
FOREIGN KEY ("user_id")
  REFERENCES "users" ("id")
)[0m
  ↳ db/migrate/20181014062808_create_device_configs.rb:3
  [1m[35m (1.3ms)[0m  [1m[35mCREATE  INDEX  "index_device_configs_on_user_id" ON "device_configs"  ("user_id")[0m
  ↳ db/migrate/20181014062808_create_device_configs.rb:3
  [1m[36mActiveRecord::SchemaMigration Create (0.3ms)[0m  [1m[32mINSERT INTO "schema_migrations" ("version") VALUES ($1) RETURNING "version"[0m  [["version", "20181014062808"]]
  ↳ /Users/Fahd/.rbenv/versions/2.4.1/bin/rake:22
  [1m[35m (0.6ms)[0m  [1m[35mCOMMIT[0m
  ↳ /Users/Fahd/.rbenv/versions/2.4.1/bin/rake:22
  [1m[36mActiveRecord::InternalMetadata Load (18.5ms)[0m  [1m[34mSELECT  "ar_internal_metadata".* FROM "ar_internal_metadata" WHERE "ar_internal_metadata"."key" = $1 LIMIT $2[0m  [["key", "environment"], ["LIMIT", 1]]
  ↳ /Users/Fahd/.rbenv/versions/2.4.1/bin/rake:22
  [1m[35m (0.2ms)[0m  [1m[35mBEGIN[0m
  ↳ /Users/Fahd/.rbenv/versions/2.4.1/bin/rake:22
  [1m[35m (0.2ms)[0m  [1m[35mCOMMIT[0m
  ↳ /Users/Fahd/.rbenv/versions/2.4.1/bin/rake:22
  [1m[35m (0.2ms)[0m  [1m[34mSELECT pg_advisory_unlock(2874720298680297900)[0m
  ↳ /Users/Fahd/.rbenv/versions/2.4.1/bin/rake:22
  [1m[35m (0.3ms)[0m  [1m[34mSELECT "schema_migrations"."version" FROM "schema_migrations" ORDER BY "schema_migrations"."version" ASC[0m
  ↳ /Users/Fahd/.rbenv/versions/2.4.1/bin/rake:22
Started POST "/api/v1/auth/register" for ::1 at 2018-10-14 18:52:38 +0530
  [1m[35m (0.6ms)[0m  [1m[34mSELECT "schema_migrations"."version" FROM "schema_migrations" ORDER BY "schema_migrations"."version" ASC[0m
  ↳ /Users/Fahd/.rbenv/versions/2.4.1/lib/ruby/gems/2.4.0/gems/activerecord-5.2.1/lib/active_record/log_subscriber.rb:98
Processing by Api::V1::UsersController#register as */*
  Parameters: {"name"=>"Vignesh", "school"=>"9", "email"=>"vignesh@vakilsearch.com", "student_class"=>"9"}
Unpermitted parameter: :student_class
Completed 500 Internal Server Error in 4402ms (ActiveRecord: 7.0ms)


  
NoMethodError (undefined method `fetch_value' for nil:NilClass):
  
app/controllers/api/v1/users_controller.rb:7:in `register'
  [1m[35m (0.7ms)[0m  [1m[34mSELECT "schema_migrations"."version" FROM "schema_migrations" ORDER BY "schema_migrations"."version" ASC[0m
  ↳ /Users/Fahd/.rbenv/versions/2.4.1/bin/rake:22
  [1m[35m (0.2ms)[0m  [1m[34mSELECT "schema_migrations"."version" FROM "schema_migrations" ORDER BY "schema_migrations"."version" ASC[0m
  ↳ /Users/Fahd/.rbenv/versions/2.4.1/bin/rake:22
  [1m[35m (0.2ms)[0m  [1m[34mSELECT "schema_migrations"."version" FROM "schema_migrations" ORDER BY "schema_migrations"."version" ASC[0m
  ↳ /Users/Fahd/.rbenv/versions/2.4.1/bin/rake:22
  [1m[35m (0.2ms)[0m  [1m[34mSELECT pg_try_advisory_lock(2874720298680297900)[0m
  ↳ /Users/Fahd/.rbenv/versions/2.4.1/bin/rake:22
  [1m[35m (0.2ms)[0m  [1m[34mSELECT "schema_migrations"."version" FROM "schema_migrations" ORDER BY "schema_migrations"."version" ASC[0m
  ↳ /Users/Fahd/.rbenv/versions/2.4.1/bin/rake:22
Migrating to CreateDeviceConfigs (20181014062808)
  [1m[35m (0.1ms)[0m  [1m[35mBEGIN[0m
  ↳ /Users/Fahd/.rbenv/versions/2.4.1/bin/rake:22
  [1m[35m (14.8ms)[0m  [1m[35mDROP TABLE "device_configs"[0m
  ↳ /Users/Fahd/.rbenv/versions/2.4.1/bin/rake:22
  [1m[36mActiveRecord::SchemaMigration Destroy (0.6ms)[0m  [1m[31mDELETE FROM "schema_migrations" WHERE "schema_migrations"."version" = $1[0m  [["version", "20181014062808"]]
  ↳ /Users/Fahd/.rbenv/versions/2.4.1/bin/rake:22
  [1m[35m (7.6ms)[0m  [1m[35mCOMMIT[0m
  ↳ /Users/Fahd/.rbenv/versions/2.4.1/bin/rake:22
Migrating to CreateUsers (20181014060525)
  [1m[35m (0.2ms)[0m  [1m[35mBEGIN[0m
  ↳ /Users/Fahd/.rbenv/versions/2.4.1/bin/rake:22
  [1m[35m (1.0ms)[0m  [1m[35mDROP TABLE "users"[0m
  ↳ /Users/Fahd/.rbenv/versions/2.4.1/bin/rake:22
  [1m[36mActiveRecord::SchemaMigration Destroy (0.3ms)[0m  [1m[31mDELETE FROM "schema_migrations" WHERE "schema_migrations"."version" = $1[0m  [["version", "20181014060525"]]
  ↳ /Users/Fahd/.rbenv/versions/2.4.1/bin/rake:22
  [1m[35m (7.3ms)[0m  [1m[35mCOMMIT[0m
  ↳ /Users/Fahd/.rbenv/versions/2.4.1/bin/rake:22
  [1m[35m (0.3ms)[0m  [1m[34mSELECT pg_advisory_unlock(2874720298680297900)[0m
  ↳ /Users/Fahd/.rbenv/versions/2.4.1/bin/rake:22
  [1m[35m (0.3ms)[0m  [1m[34mSELECT "schema_migrations"."version" FROM "schema_migrations" ORDER BY "schema_migrations"."version" ASC[0m
  ↳ /Users/Fahd/.rbenv/versions/2.4.1/bin/rake:22
  [1m[35m (0.2ms)[0m  [1m[34mSELECT pg_try_advisory_lock(2874720298680297900)[0m
  ↳ /Users/Fahd/.rbenv/versions/2.4.1/bin/rake:22
  [1m[35m (0.6ms)[0m  [1m[34mSELECT "schema_migrations"."version" FROM "schema_migrations" ORDER BY "schema_migrations"."version" ASC[0m
  ↳ /Users/Fahd/.rbenv/versions/2.4.1/bin/rake:22
Migrating to CreateUsers (20181014060525)
  [1m[35m (0.2ms)[0m  [1m[35mBEGIN[0m
  ↳ /Users/Fahd/.rbenv/versions/2.4.1/bin/rake:22
  [1m[35m (22.0ms)[0m  [1m[35mCREATE TABLE "users" ("id" bigserial primary key, "name" character varying, "email" character varying, "student_class" character varying, "school" character varying, "created_at" timestamp NOT NULL, "updated_at" timestamp NOT NULL)[0m
  ↳ db/migrate/20181014060525_create_users.rb:3
  [1m[36mActiveRecord::SchemaMigration Create (0.5ms)[0m  [1m[32mINSERT INTO "schema_migrations" ("version") VALUES ($1) RETURNING "version"[0m  [["version", "20181014060525"]]
  ↳ /Users/Fahd/.rbenv/versions/2.4.1/bin/rake:22
  [1m[35m (0.5ms)[0m  [1m[35mCOMMIT[0m
  ↳ /Users/Fahd/.rbenv/versions/2.4.1/bin/rake:22
Migrating to CreateDeviceConfigs (20181014062808)
  [1m[35m (5.9ms)[0m  [1m[35mBEGIN[0m
  ↳ /Users/Fahd/.rbenv/versions/2.4.1/bin/rake:22
  [1m[35m (21.3ms)[0m  [1m[35mCREATE TABLE "device_configs" ("id" bigserial primary key, "auth_key" character varying, "user_id" bigint, "created_at" timestamp NOT NULL, "updated_at" timestamp NOT NULL, CONSTRAINT "fk_rails_62377555d9"
FOREIGN KEY ("user_id")
  REFERENCES "users" ("id")
)[0m
  ↳ db/migrate/20181014062808_create_device_configs.rb:3
  [1m[35m (1.0ms)[0m  [1m[35mCREATE  INDEX  "index_device_configs_on_user_id" ON "device_configs"  ("user_id")[0m
  ↳ db/migrate/20181014062808_create_device_configs.rb:3
  [1m[36mActiveRecord::SchemaMigration Create (0.4ms)[0m  [1m[32mINSERT INTO "schema_migrations" ("version") VALUES ($1) RETURNING "version"[0m  [["version", "20181014062808"]]
  ↳ /Users/Fahd/.rbenv/versions/2.4.1/bin/rake:22
  [1m[35m (0.5ms)[0m  [1m[35mCOMMIT[0m
  ↳ /Users/Fahd/.rbenv/versions/2.4.1/bin/rake:22
  [1m[36mActiveRecord::InternalMetadata Load (0.3ms)[0m  [1m[34mSELECT  "ar_internal_metadata".* FROM "ar_internal_metadata" WHERE "ar_internal_metadata"."key" = $1 LIMIT $2[0m  [["key", "environment"], ["LIMIT", 1]]
  ↳ /Users/Fahd/.rbenv/versions/2.4.1/bin/rake:22
  [1m[35m (0.2ms)[0m  [1m[35mBEGIN[0m
  ↳ /Users/Fahd/.rbenv/versions/2.4.1/bin/rake:22
  [1m[35m (0.1ms)[0m  [1m[35mCOMMIT[0m
  ↳ /Users/Fahd/.rbenv/versions/2.4.1/bin/rake:22
  [1m[35m (0.2ms)[0m  [1m[34mSELECT pg_advisory_unlock(2874720298680297900)[0m
  ↳ /Users/Fahd/.rbenv/versions/2.4.1/bin/rake:22
  [1m[35m (0.3ms)[0m  [1m[34mSELECT "schema_migrations"."version" FROM "schema_migrations" ORDER BY "schema_migrations"."version" ASC[0m
  ↳ /Users/Fahd/.rbenv/versions/2.4.1/bin/rake:22
Started POST "/api/v1/auth/register" for ::1 at 2018-10-14 18:53:39 +0530
Processing by Api::V1::UsersController#register as */*
  Parameters: {"name"=>"Vignesh", "school"=>"9", "email"=>"vignesh@vakilsearch.com", "student_class"=>"9"}
Unpermitted parameter: :student_class
  [1m[35m (0.2ms)[0m  [1m[35mBEGIN[0m
  ↳ app/controllers/api/v1/users_controller.rb:7
  [1m[36mUser Exists (12.5ms)[0m  [1m[34mSELECT  1 AS one FROM "users" WHERE "users"."email" = $1 LIMIT $2[0m  [["email", "vignesh@vakilsearch.com"], ["LIMIT", 1]]
  ↳ app/controllers/api/v1/users_controller.rb:7
  [1m[36mUser Create (7.3ms)[0m  [1m[32mINSERT INTO "users" ("name", "email", "school", "created_at", "updated_at") VALUES ($1, $2, $3, $4, $5) RETURNING "id"[0m  [["name", "Vignesh"], ["email", "vignesh@vakilsearch.com"], ["school", "9"], ["created_at", "2018-10-14 13:23:49.702208"], ["updated_at", "2018-10-14 13:23:49.702208"]]
  ↳ app/controllers/api/v1/users_controller.rb:7
  [1m[35m (5.0ms)[0m  [1m[35mCOMMIT[0m
  ↳ app/controllers/api/v1/users_controller.rb:7
Completed 201 Created in 54ms (Views: 0.3ms | ActiveRecord: 32.4ms)


Started POST "/api/v1/auth/register" for ::1 at 2018-10-14 19:02:58 +0530
Processing by Api::V1::UsersController#register as */*
  Parameters: {"name"=>"Vignesh", "school"=>"9", "email"=>"vignesh@vakilsearch.com", "student_class"=>"9"}
Unpermitted parameter: :student_class
  [1m[35m (0.2ms)[0m  [1m[35mBEGIN[0m
  ↳ app/controllers/api/v1/users_controller.rb:7
  [1m[36mUser Exists (1.2ms)[0m  [1m[34mSELECT  1 AS one FROM "users" WHERE "users"."email" = $1 LIMIT $2[0m  [["email", "vignesh@vakilsearch.com"], ["LIMIT", 1]]
  ↳ app/controllers/api/v1/users_controller.rb:7
  [1m[35m (6.9ms)[0m  [1m[31mROLLBACK[0m
  ↳ app/controllers/api/v1/users_controller.rb:7
Completed 500 Internal Server Error in 27ms (Views: 0.3ms | ActiveRecord: 8.3ms)


  [1m[35m (2.7ms)[0m  [1m[34mSELECT "schema_migrations"."version" FROM "schema_migrations" ORDER BY "schema_migrations"."version" ASC[0m
  ↳ /Users/Fahd/.rbenv/versions/2.4.1/bin/rake:22
  [1m[35m (0.2ms)[0m  [1m[34mSELECT "schema_migrations"."version" FROM "schema_migrations" ORDER BY "schema_migrations"."version" ASC[0m
  ↳ /Users/Fahd/.rbenv/versions/2.4.1/bin/rake:22
  [1m[35m (0.2ms)[0m  [1m[34mSELECT "schema_migrations"."version" FROM "schema_migrations" ORDER BY "schema_migrations"."version" ASC[0m
  ↳ /Users/Fahd/.rbenv/versions/2.4.1/bin/rake:22
  [1m[35m (16.2ms)[0m  [1m[34mSELECT pg_try_advisory_lock(2874720298680297900)[0m
  ↳ /Users/Fahd/.rbenv/versions/2.4.1/bin/rake:22
  [1m[35m (0.4ms)[0m  [1m[34mSELECT "schema_migrations"."version" FROM "schema_migrations" ORDER BY "schema_migrations"."version" ASC[0m
  ↳ /Users/Fahd/.rbenv/versions/2.4.1/bin/rake:22
Migrating to CreateDeviceConfigs (20181014062808)
  [1m[35m (6.1ms)[0m  [1m[35mBEGIN[0m
  ↳ /Users/Fahd/.rbenv/versions/2.4.1/bin/rake:22
  [1m[35m (34.7ms)[0m  [1m[35mDROP TABLE "device_configs"[0m
  ↳ /Users/Fahd/.rbenv/versions/2.4.1/bin/rake:22
  [1m[36mActiveRecord::SchemaMigration Destroy (0.5ms)[0m  [1m[31mDELETE FROM "schema_migrations" WHERE "schema_migrations"."version" = $1[0m  [["version", "20181014062808"]]
  ↳ /Users/Fahd/.rbenv/versions/2.4.1/bin/rake:22
  [1m[35m (27.7ms)[0m  [1m[35mCOMMIT[0m
  ↳ /Users/Fahd/.rbenv/versions/2.4.1/bin/rake:22
Migrating to CreateUsers (20181014060525)
  [1m[35m (0.2ms)[0m  [1m[35mBEGIN[0m
  ↳ /Users/Fahd/.rbenv/versions/2.4.1/bin/rake:22
  [1m[35m (6.8ms)[0m  [1m[35mDROP TABLE "users"[0m
  ↳ /Users/Fahd/.rbenv/versions/2.4.1/bin/rake:22
  [1m[36mActiveRecord::SchemaMigration Destroy (0.5ms)[0m  [1m[31mDELETE FROM "schema_migrations" WHERE "schema_migrations"."version" = $1[0m  [["version", "20181014060525"]]
  ↳ /Users/Fahd/.rbenv/versions/2.4.1/bin/rake:22
  [1m[35m (7.3ms)[0m  [1m[35mCOMMIT[0m
  ↳ /Users/Fahd/.rbenv/versions/2.4.1/bin/rake:22
  [1m[35m (0.6ms)[0m  [1m[34mSELECT pg_advisory_unlock(2874720298680297900)[0m
  ↳ /Users/Fahd/.rbenv/versions/2.4.1/bin/rake:22
  [1m[35m (0.5ms)[0m  [1m[34mSELECT "schema_migrations"."version" FROM "schema_migrations" ORDER BY "schema_migrations"."version" ASC[0m
  ↳ /Users/Fahd/.rbenv/versions/2.4.1/bin/rake:22
  [1m[35m (0.3ms)[0m  [1m[34mSELECT pg_try_advisory_lock(2874720298680297900)[0m
  ↳ /Users/Fahd/.rbenv/versions/2.4.1/bin/rake:22
  [1m[35m (0.7ms)[0m  [1m[34mSELECT "schema_migrations"."version" FROM "schema_migrations" ORDER BY "schema_migrations"."version" ASC[0m
  ↳ /Users/Fahd/.rbenv/versions/2.4.1/bin/rake:22
Migrating to CreateUsers (20181014060525)
  [1m[35m (0.2ms)[0m  [1m[35mBEGIN[0m
  ↳ /Users/Fahd/.rbenv/versions/2.4.1/bin/rake:22
  [1m[35m (38.6ms)[0m  [1m[35mCREATE TABLE "users" ("id" bigserial primary key, "name" character varying, "email" character varying, "student_class" character varying, "school" character varying, "password" character varying, "created_at" timestamp NOT NULL, "updated_at" timestamp NOT NULL)[0m
  ↳ db/migrate/20181014060525_create_users.rb:3
  [1m[36mActiveRecord::SchemaMigration Create (1.8ms)[0m  [1m[32mINSERT INTO "schema_migrations" ("version") VALUES ($1) RETURNING "version"[0m  [["version", "20181014060525"]]
  ↳ /Users/Fahd/.rbenv/versions/2.4.1/bin/rake:22
  [1m[35m (0.7ms)[0m  [1m[35mCOMMIT[0m
  ↳ /Users/Fahd/.rbenv/versions/2.4.1/bin/rake:22
Migrating to CreateDeviceConfigs (20181014062808)
  [1m[35m (6.5ms)[0m  [1m[35mBEGIN[0m
  ↳ /Users/Fahd/.rbenv/versions/2.4.1/bin/rake:22
  [1m[35m (28.0ms)[0m  [1m[35mCREATE TABLE "device_configs" ("id" bigserial primary key, "auth_key" character varying, "user_id" bigint, "created_at" timestamp NOT NULL, "updated_at" timestamp NOT NULL, CONSTRAINT "fk_rails_62377555d9"
FOREIGN KEY ("user_id")
  REFERENCES "users" ("id")
)[0m
  ↳ db/migrate/20181014062808_create_device_configs.rb:3
  [1m[35m (1.3ms)[0m  [1m[35mCREATE  INDEX  "index_device_configs_on_user_id" ON "device_configs"  ("user_id")[0m
  ↳ db/migrate/20181014062808_create_device_configs.rb:3
  [1m[36mActiveRecord::SchemaMigration Create (0.3ms)[0m  [1m[32mINSERT INTO "schema_migrations" ("version") VALUES ($1) RETURNING "version"[0m  [["version", "20181014062808"]]
  ↳ /Users/Fahd/.rbenv/versions/2.4.1/bin/rake:22
  [1m[35m (0.5ms)[0m  [1m[35mCOMMIT[0m
  ↳ /Users/Fahd/.rbenv/versions/2.4.1/bin/rake:22
  [1m[36mActiveRecord::InternalMetadata Load (28.4ms)[0m  [1m[34mSELECT  "ar_internal_metadata".* FROM "ar_internal_metadata" WHERE "ar_internal_metadata"."key" = $1 LIMIT $2[0m  [["key", "environment"], ["LIMIT", 1]]
  ↳ /Users/Fahd/.rbenv/versions/2.4.1/bin/rake:22
  [1m[35m (0.2ms)[0m  [1m[35mBEGIN[0m
  ↳ /Users/Fahd/.rbenv/versions/2.4.1/bin/rake:22
  [1m[35m (0.2ms)[0m  [1m[35mCOMMIT[0m
  ↳ /Users/Fahd/.rbenv/versions/2.4.1/bin/rake:22
  [1m[35m (0.4ms)[0m  [1m[34mSELECT pg_advisory_unlock(2874720298680297900)[0m
  ↳ /Users/Fahd/.rbenv/versions/2.4.1/bin/rake:22
  [1m[35m (0.4ms)[0m  [1m[34mSELECT "schema_migrations"."version" FROM "schema_migrations" ORDER BY "schema_migrations"."version" ASC[0m
  ↳ /Users/Fahd/.rbenv/versions/2.4.1/bin/rake:22
Started POST "/api/v1/user/sign_in" for ::1 at 2018-10-14 20:22:53 +0530
Processing by Api::V1::UsersController#sign_in as */*
  Parameters: {"name"=>"Vignesh", "school"=>"9", "email"=>"vignesh@vakilsearch.com", "student_class"=>"9"}
  [1m[36mDeviceConfig Load (8.0ms)[0m  [1m[34mSELECT  "device_configs".* FROM "device_configs" WHERE "device_configs"."auth_key" IS NULL LIMIT $1[0m  [["LIMIT", 1]]
  ↳ app/controllers/application_controller.rb:7
Filter chain halted as :authenticate_auth_key! rendered or redirected
Completed 401 Unauthorized in 33ms (Views: 1.0ms | ActiveRecord: 12.2ms)


Started POST "/api/v1/user/register" for ::1 at 2018-10-14 20:23:38 +0530
Processing by Api::V1::UsersController#register as */*
  Parameters: {"name"=>"Vignesh", "school"=>"9", "email"=>"vignesh@vakilsearch.com", "student_class"=>"9"}
Unpermitted parameter: :student_class
  [1m[35m (0.2ms)[0m  [1m[35mBEGIN[0m
  ↳ app/controllers/api/v1/users_controller.rb:7
  [1m[36mUser Exists (6.7ms)[0m  [1m[34mSELECT  1 AS one FROM "users" WHERE "users"."email" = $1 LIMIT $2[0m  [["email", "vignesh@vakilsearch.com"], ["LIMIT", 1]]
  ↳ app/controllers/api/v1/users_controller.rb:7
  [1m[35m (0.3ms)[0m  [1m[31mROLLBACK[0m
  ↳ app/controllers/api/v1/users_controller.rb:7
Completed 500 Internal Server Error in 38ms (Views: 0.3ms | ActiveRecord: 14.5ms)


Started POST "/api/v1/user/register" for ::1 at 2018-10-14 20:23:50 +0530
Processing by Api::V1::UsersController#register as */*
  Parameters: {"name"=>"Vignesh", "school"=>"9", "email"=>"vignesh@vakilsearch.com", "student_class"=>"9", "password"=>"[FILTERED]"}
Unpermitted parameter: :student_class
  [1m[35m (0.2ms)[0m  [1m[35mBEGIN[0m
  ↳ app/controllers/api/v1/users_controller.rb:7
  [1m[36mUser Exists (0.4ms)[0m  [1m[34mSELECT  1 AS one FROM "users" WHERE "users"."email" = $1 LIMIT $2[0m  [["email", "vignesh@vakilsearch.com"], ["LIMIT", 1]]
  ↳ app/controllers/api/v1/users_controller.rb:7
  [1m[36mUser Create (7.0ms)[0m  [1m[32mINSERT INTO "users" ("name", "email", "school", "password", "created_at", "updated_at") VALUES ($1, $2, $3, $4, $5, $6) RETURNING "id"[0m  [["name", "Vignesh"], ["email", "vignesh@vakilsearch.com"], ["school", "9"], ["password", "test"], ["created_at", "2018-10-14 14:53:50.358946"], ["updated_at", "2018-10-14 14:53:50.358946"]]
  ↳ app/controllers/api/v1/users_controller.rb:7
  [1m[35m (9.8ms)[0m  [1m[35mCOMMIT[0m
  ↳ app/controllers/api/v1/users_controller.rb:7
Completed 500 Internal Server Error in 162ms (ActiveRecord: 17.5ms)


  
NameError (undefined local variable or method `user' for #<Api::V1::UsersController:0x007fbe383dc360>
Did you mean?  @user):
  
app/controllers/api/v1/users_controller.rb:8:in `register'
  [1m[36mUser Load (0.9ms)[0m  [1m[34mSELECT "users".* FROM "users"[0m
  [1m[35m (0.2ms)[0m  [1m[35mBEGIN[0m
  [1m[36mUser Destroy (30.5ms)[0m  [1m[31mDELETE FROM "users" WHERE "users"."id" = $1[0m  [["id", 1]]
  [1m[35m (0.5ms)[0m  [1m[35mCOMMIT[0m
Started POST "/api/v1/user/register" for ::1 at 2018-10-14 20:24:41 +0530
Processing by Api::V1::UsersController#register as */*
  Parameters: {"name"=>"Vignesh", "school"=>"9", "email"=>"vignesh@vakilsearch.com", "student_class"=>"9", "password"=>"[FILTERED]"}
Unpermitted parameter: :student_class
  [1m[35m (0.2ms)[0m  [1m[35mBEGIN[0m
  ↳ app/controllers/api/v1/users_controller.rb:7
  [1m[36mUser Exists (0.4ms)[0m  [1m[34mSELECT  1 AS one FROM "users" WHERE "users"."email" = $1 LIMIT $2[0m  [["email", "vignesh@vakilsearch.com"], ["LIMIT", 1]]
  ↳ app/controllers/api/v1/users_controller.rb:7
  [1m[36mUser Create (0.5ms)[0m  [1m[32mINSERT INTO "users" ("name", "email", "school", "password", "created_at", "updated_at") VALUES ($1, $2, $3, $4, $5, $6) RETURNING "id"[0m  [["name", "Vignesh"], ["email", "vignesh@vakilsearch.com"], ["school", "9"], ["password", "test"], ["created_at", "2018-10-14 14:54:41.314939"], ["updated_at", "2018-10-14 14:54:41.314939"]]
  ↳ app/controllers/api/v1/users_controller.rb:7
  [1m[35m (0.4ms)[0m  [1m[35mCOMMIT[0m
  ↳ app/controllers/api/v1/users_controller.rb:7
Completed 500 Internal Server Error in 46ms (ActiveRecord: 5.6ms)


  
NoMethodError (private method `gen_auth_key' called for #<User:0x007fbe38d1cab0>):
  
app/controllers/api/v1/users_controller.rb:8:in `register'
  [1m[36mUser Load (0.7ms)[0m  [1m[34mSELECT "users".* FROM "users"[0m
  [1m[35m (0.2ms)[0m  [1m[35mBEGIN[0m
  [1m[36mUser Destroy (0.6ms)[0m  [1m[31mDELETE FROM "users" WHERE "users"."id" = $1[0m  [["id", 2]]
  [1m[35m (6.0ms)[0m  [1m[35mCOMMIT[0m
Started POST "/api/v1/user/register" for ::1 at 2018-10-14 20:25:10 +0530
Processing by Api::V1::UsersController#register as */*
  Parameters: {"name"=>"Vignesh", "school"=>"9", "email"=>"vignesh@vakilsearch.com", "student_class"=>"9", "password"=>"[FILTERED]"}
Unpermitted parameter: :student_class
  [1m[35m (0.2ms)[0m  [1m[35mBEGIN[0m
  ↳ app/controllers/api/v1/users_controller.rb:7
  [1m[36mUser Exists (0.4ms)[0m  [1m[34mSELECT  1 AS one FROM "users" WHERE "users"."email" = $1 LIMIT $2[0m  [["email", "vignesh@vakilsearch.com"], ["LIMIT", 1]]
  ↳ app/controllers/api/v1/users_controller.rb:7
  [1m[36mUser Create (0.4ms)[0m  [1m[32mINSERT INTO "users" ("name", "email", "school", "password", "created_at", "updated_at") VALUES ($1, $2, $3, $4, $5, $6) RETURNING "id"[0m  [["name", "Vignesh"], ["email", "vignesh@vakilsearch.com"], ["school", "9"], ["password", "test"], ["created_at", "2018-10-14 14:55:10.815777"], ["updated_at", "2018-10-14 14:55:10.815777"]]
  ↳ app/controllers/api/v1/users_controller.rb:7
  [1m[35m (0.4ms)[0m  [1m[35mCOMMIT[0m
  ↳ app/controllers/api/v1/users_controller.rb:7
  [1m[35m (0.2ms)[0m  [1m[35mBEGIN[0m
  ↳ app/models/user.rb:11
  [1m[36mDeviceConfig Create (6.7ms)[0m  [1m[32mINSERT INTO "device_configs" ("auth_key", "user_id", "created_at", "updated_at") VALUES ($1, $2, $3, $4) RETURNING "id"[0m  [["auth_key", "f2TdteBD582D4hg30O36a8MU+AzLLP6F2RIXXel6ECQ="], ["user_id", 3], ["created_at", "2018-10-14 14:55:10.854352"], ["updated_at", "2018-10-14 14:55:10.854352"]]
  ↳ app/models/user.rb:11
  [1m[35m (5.7ms)[0m  [1m[35mCOMMIT[0m
  ↳ app/models/user.rb:11
Completed 201 Created in 80ms (Views: 0.3ms | ActiveRecord: 22.4ms)


Started POST "/api/v1/user/register" for ::1 at 2018-10-14 20:25:17 +0530
Processing by Api::V1::UsersController#register as */*
  Parameters: {"name"=>"Vignesh", "school"=>"9", "email"=>"vignesh@vakilsearch.com", "student_class"=>"9", "password"=>"[FILTERED]"}
Unpermitted parameter: :student_class
  [1m[35m (0.2ms)[0m  [1m[35mBEGIN[0m
  ↳ app/controllers/api/v1/users_controller.rb:7
  [1m[36mUser Exists (0.5ms)[0m  [1m[34mSELECT  1 AS one FROM "users" WHERE "users"."email" = $1 LIMIT $2[0m  [["email", "vignesh@vakilsearch.com"], ["LIMIT", 1]]
  ↳ app/controllers/api/v1/users_controller.rb:7
  [1m[35m (0.4ms)[0m  [1m[31mROLLBACK[0m
  ↳ app/controllers/api/v1/users_controller.rb:7
Completed 500 Internal Server Error in 7ms (Views: 0.2ms | ActiveRecord: 1.1ms)


Started POST "/api/v1/user/sign_in" for ::1 at 2018-10-14 20:25:31 +0530
Processing by Api::V1::UsersController#sign_in as */*
  Parameters: {"name"=>"Vignesh", "school"=>"9", "email"=>"vignesh@vakilsearch.com", "student_class"=>"9", "password"=>"[FILTERED]"}
  [1m[36mUser Load (0.6ms)[0m  [1m[34mSELECT  "users".* FROM "users" WHERE "users"."email" = $1 AND "users"."password" = $2 LIMIT $3[0m  [["email", "vignesh@vakilsearch.com"], ["password", "test"], ["LIMIT", 1]]
  ↳ app/controllers/api/v1/users_controller.rb:17
  [1m[35m (0.2ms)[0m  [1m[35mBEGIN[0m
  ↳ app/models/user.rb:11
  [1m[36mDeviceConfig Create (0.5ms)[0m  [1m[32mINSERT INTO "device_configs" ("auth_key", "user_id", "created_at", "updated_at") VALUES ($1, $2, $3, $4) RETURNING "id"[0m  [["auth_key", "nuMzRRJTZvt5oAcHRFdlRA88vj/z1Kk/qVQ7DVqoCXs="], ["user_id", 3], ["created_at", "2018-10-14 14:55:31.309436"], ["updated_at", "2018-10-14 14:55:31.309436"]]
  ↳ app/models/user.rb:11
  [1m[35m (5.6ms)[0m  [1m[35mCOMMIT[0m
  ↳ app/models/user.rb:11
Completed 201 Created in 36ms (Views: 0.3ms | ActiveRecord: 7.2ms)


  [1m[35m (6.5ms)[0m  [1m[34mSELECT COUNT(*) FROM "device_configs"[0m
Started DELETE "/api/v1/user/sign_out" for ::1 at 2018-10-14 20:26:55 +0530
Processing by Api::V1::UsersController#sign_out as */*
  Parameters: {"name"=>"Vignesh", "school"=>"9", "email"=>"vignesh@vakilsearch.com", "student_class"=>"9", "password"=>"[FILTERED]", "auth_key"=>"nuMzRRJTZvt5oAcHRFdlRA88vj/z1Kk/qVQ7DVqoCXs="}
  [1m[36mDeviceConfig Load (0.4ms)[0m  [1m[34mSELECT  "device_configs".* FROM "device_configs" WHERE "device_configs"."auth_key" = $1 LIMIT $2[0m  [["auth_key", "nuMzRRJTZvt5oAcHRFdlRA88vj/z1Kk/qVQ7DVqoCXs="], ["LIMIT", 1]]
  ↳ app/controllers/application_controller.rb:7
  [1m[36mUser Load (0.2ms)[0m  [1m[34mSELECT  "users".* FROM "users" WHERE "users"."id" = $1 LIMIT $2[0m  [["id", 3], ["LIMIT", 1]]
  ↳ app/controllers/application_controller.rb:7
Filter chain halted as :authenticate_auth_key! rendered or redirected
Completed 401 Unauthorized in 35ms (Views: 0.2ms | ActiveRecord: 7.2ms)


  [1m[36mDeviceConfig Load (0.3ms)[0m  [1m[34mSELECT  "device_configs".* FROM "device_configs" ORDER BY "device_configs"."id" DESC LIMIT $1[0m  [["LIMIT", 1]]
  [1m[36mUser Load (0.3ms)[0m  [1m[34mSELECT  "users".* FROM "users" WHERE "users"."id" = $1 LIMIT $2[0m  [["id", 3], ["LIMIT", 1]]
Started DELETE "/api/v1/user/sign_out" for ::1 at 2018-10-14 20:27:16 +0530
Processing by Api::V1::UsersController#sign_out as */*
  Parameters: {"name"=>"Vignesh", "school"=>"9", "email"=>"vignesh@vakilsearch.com", "student_class"=>"9", "password"=>"[FILTERED]", "auth_key"=>"nuMzRRJTZvt5oAcHRFdlRA88vj/z1Kk/qVQ7DVqoCXs=", "user_id"=>"3"}
  [1m[36mDeviceConfig Load (0.4ms)[0m  [1m[34mSELECT  "device_configs".* FROM "device_configs" WHERE "device_configs"."auth_key" = $1 LIMIT $2[0m  [["auth_key", "nuMzRRJTZvt5oAcHRFdlRA88vj/z1Kk/qVQ7DVqoCXs="], ["LIMIT", 1]]
  ↳ app/controllers/application_controller.rb:7
  [1m[36mUser Load (0.4ms)[0m  [1m[34mSELECT  "users".* FROM "users" WHERE "users"."id" = $1 LIMIT $2[0m  [["id", 3], ["LIMIT", 1]]
  ↳ app/controllers/application_controller.rb:7
Filter chain halted as :authenticate_auth_key! rendered or redirected
Completed 401 Unauthorized in 3ms (Views: 0.2ms | ActiveRecord: 0.7ms)


Started DELETE "/api/v1/user/sign_out" for ::1 at 2018-10-14 20:28:05 +0530
Processing by Api::V1::UsersController#sign_out as */*
  Parameters: {"name"=>"Vignesh", "school"=>"9", "email"=>"vignesh@vakilsearch.com", "student_class"=>"9", "password"=>"[FILTERED]", "auth_key"=>"nuMzRRJTZvt5oAcHRFdlRA88vj/z1Kk/qVQ7DVqoCXs=", "user_id"=>"3"}
  [1m[36mDeviceConfig Load (0.3ms)[0m  [1m[34mSELECT  "device_configs".* FROM "device_configs" WHERE "device_configs"."auth_key" = $1 LIMIT $2[0m  [["auth_key", "nuMzRRJTZvt5oAcHRFdlRA88vj/z1Kk/qVQ7DVqoCXs="], ["LIMIT", 1]]
  ↳ (pry):1
  [1m[36mUser Load (0.4ms)[0m  [1m[34mSELECT  "users".* FROM "users" WHERE "users"."id" = $1 LIMIT $2[0m  [["id", 3], ["LIMIT", 1]]
  ↳ (pry):1
  [1m[36mCACHE DeviceConfig Load (0.0ms)[0m  [1m[34mSELECT  "device_configs".* FROM "device_configs" WHERE "device_configs"."auth_key" = $1 LIMIT $2[0m  [["auth_key", "nuMzRRJTZvt5oAcHRFdlRA88vj/z1Kk/qVQ7DVqoCXs="], ["LIMIT", 1]]
  ↳ (pry):8
  [1m[36mCACHE User Load (0.0ms)[0m  [1m[34mSELECT  "users".* FROM "users" WHERE "users"."id" = $1 LIMIT $2[0m  [["id", 3], ["LIMIT", 1]]
  ↳ (pry):8
Completed 500 Internal Server Error in 139706ms (ActiveRecord: 7.6ms)


  
SystemExit (exit):
  
app/controllers/application_controller.rb:7:in `authenticate_auth_key!'
Started DELETE "/api/v1/user/sign_out" for ::1 at 2018-10-14 20:30:28 +0530
Processing by Api::V1::UsersController#sign_out as */*
  Parameters: {"name"=>"Vignesh", "school"=>"9", "email"=>"vignesh@vakilsearch.com", "student_class"=>"9", "password"=>"[FILTERED]", "auth_key"=>"nuMzRRJTZvt5oAcHRFdlRA88vj/z1Kk/qVQ7DVqoCXs=", "user_id"=>"3"}
  [1m[36mDeviceConfig Load (0.3ms)[0m  [1m[34mSELECT  "device_configs".* FROM "device_configs" WHERE "device_configs"."auth_key" = $1 LIMIT $2[0m  [["auth_key", "nuMzRRJTZvt5oAcHRFdlRA88vj/z1Kk/qVQ7DVqoCXs="], ["LIMIT", 1]]
  ↳ app/controllers/application_controller.rb:7
  [1m[36mUser Load (0.3ms)[0m  [1m[34mSELECT  "users".* FROM "users" WHERE "users"."id" = $1 LIMIT $2[0m  [["id", 3], ["LIMIT", 1]]
  ↳ app/controllers/application_controller.rb:7
  [1m[36mDeviceConfig Load (0.5ms)[0m  [1m[34mSELECT  "device_configs".* FROM "device_configs" WHERE "device_configs"."user_id" = $1 AND "device_configs"."auth_key" = $2 LIMIT $3[0m  [["user_id", 3], ["auth_key", "nuMzRRJTZvt5oAcHRFdlRA88vj/z1Kk/qVQ7DVqoCXs="], ["LIMIT", 1]]
  ↳ app/controllers/api/v1/users_controller.rb:28
  [1m[35m (0.2ms)[0m  [1m[35mBEGIN[0m
  ↳ app/controllers/api/v1/users_controller.rb:29
  [1m[36mDeviceConfig Destroy (0.4ms)[0m  [1m[31mDELETE FROM "device_configs" WHERE "device_configs"."id" = $1[0m  [["id", 2]]
  ↳ app/controllers/api/v1/users_controller.rb:29
  [1m[35m (7.9ms)[0m  [1m[35mCOMMIT[0m
  ↳ app/controllers/api/v1/users_controller.rb:29
Completed 500 Internal Server Error in 58ms (Views: 0.3ms | ActiveRecord: 17.6ms)


  [1m[35m (0.5ms)[0m  [1m[34mSELECT COUNT(*) FROM "device_configs"[0m
